This file contains any messages produced by compilers while
running configure, to aid debugging if configure makes a mistake.

It was created by zeromq configure 3.2.0, which was
generated by GNU Autoconf 2.68.  Invocation command line was

  $ ./configure --prefix=/Users/mac/Desktop/rubymotion/zeromq-3.2.0/build

## --------- ##
## Platform. ##
## --------- ##

hostname = MacBookPro
uname -m = x86_64
uname -r = 11.4.0
uname -s = Darwin
uname -v = Darwin Kernel Version 11.4.0: Mon Apr  9 19:32:15 PDT 2012; root:xnu-1699.26.8~1/RELEASE_X86_64

/usr/bin/uname -p = i386
/bin/uname -X     = unknown

/bin/arch              = unknown
/usr/bin/arch -k       = unknown
/usr/convex/getsysinfo = unknown
/usr/bin/hostinfo      = Mach kernel version:
	 Darwin Kernel Version 11.4.0: Mon Apr  9 19:32:15 PDT 2012; root:xnu-1699.26.8~1/RELEASE_X86_64
Kernel configured for up to 4 processors.
2 processors are physically available.
4 processors are logically available.
Processor type: i486 (Intel 80486)
Processors active: 0 1 2 3
Primary memory available: 4.00 gigabytes
Default processor set: 143 tasks, 585 threads, 4 processors
Load average: 0.98, Mach factor: 3.01
/bin/machine           = unknown
/usr/bin/oslevel       = unknown
/bin/universe          = unknown

PATH: /Users/mac/.rvm/gems/ruby-1.9.3-p194/bin
PATH: /Users/mac/.rvm/gems/ruby-1.9.3-p194@global/bin
PATH: /Users/mac/.rvm/rubies/ruby-1.9.3-p194/bin
PATH: /Users/mac/.rvm/bin
PATH: /usr/bin
PATH: /bin
PATH: /usr/sbin
PATH: /sbin
PATH: /usr/local/bin
PATH: /usr/X11/bin


## ----------- ##
## Core tests. ##
## ----------- ##

configure:2735: checking for a BSD-compatible install
configure:2803: result: /usr/bin/install -c
configure:2814: checking whether build environment is sane
configure:2864: result: yes
configure:3005: checking for a thread-safe mkdir -p
configure:3044: result: config/install-sh -c -d
configure:3057: checking for gawk
configure:3087: result: no
configure:3057: checking for mawk
configure:3087: result: no
configure:3057: checking for nawk
configure:3087: result: no
configure:3057: checking for awk
configure:3073: found /usr/bin/awk
configure:3084: result: awk
configure:3095: checking whether make sets $(MAKE)
configure:3117: result: yes
configure:3192: checking how to create a ustar tar archive
configure:3205: tar --version
bsdtar 2.8.3 - libarchive 2.8.3
configure:3208: $? = 0
configure:3248: tardir=conftest.dir && eval tar --format=ustar -chf - "$tardir" >conftest.tar
configure:3251: $? = 0
configure:3255: tar -xf - <conftest.tar
configure:3258: $? = 0
configure:3271: result: gnutar
configure:3365: checking for gcc
configure:3381: found /usr/bin/gcc
configure:3392: result: gcc
configure:3621: checking for C compiler version
configure:3630: gcc --version >&5
i686-apple-darwin11-llvm-gcc-4.2 (GCC) 4.2.1 (Based on Apple Inc. build 5658) (LLVM build 2336.9.00)
Copyright (C) 2007 Free Software Foundation, Inc.
This is free software; see the source for copying conditions.  There is NO
warranty; not even for MERCHANTABILITY or FITNESS FOR A PARTICULAR PURPOSE.

configure:3641: $? = 0
configure:3630: gcc -v >&5
Using built-in specs.
Target: i686-apple-darwin11
Configured with: /private/var/tmp/llvmgcc42/llvmgcc42-2336.9~22/src/configure --disable-checking --enable-werror --prefix=/Applications/Xcode.app/Contents/Developer/usr/llvm-gcc-4.2 --mandir=/share/man --enable-languages=c,objc,c++,obj-c++ --program-prefix=llvm- --program-transform-name=/^[cg][^.-]*$/s/$/-4.2/ --with-slibdir=/usr/lib --build=i686-apple-darwin11 --enable-llvm=/private/var/tmp/llvmgcc42/llvmgcc42-2336.9~22/dst-llvmCore/Developer/usr/local --program-prefix=i686-apple-darwin11- --host=x86_64-apple-darwin11 --target=i686-apple-darwin11 --with-gxx-include-dir=/usr/include/c++/4.2.1
Thread model: posix
gcc version 4.2.1 (Based on Apple Inc. build 5658) (LLVM build 2336.9.00)
configure:3641: $? = 0
configure:3630: gcc -V >&5
llvm-gcc-4.2: argument to `-V' is missing
configure:3641: $? = 1
configure:3630: gcc -qversion >&5
i686-apple-darwin11-llvm-gcc-4.2: no input files
configure:3641: $? = 1
configure:3661: checking whether the C compiler works
configure:3683: gcc    conftest.c  >&5
configure:3687: $? = 0
configure:3735: result: yes
configure:3738: checking for C compiler default output file name
configure:3740: result: a.out
configure:3746: checking for suffix of executables
configure:3753: gcc -o conftest    conftest.c  >&5
configure:3757: $? = 0
configure:3779: result: 
configure:3801: checking whether we are cross compiling
configure:3809: gcc -o conftest    conftest.c  >&5
configure:3813: $? = 0
configure:3820: ./conftest
configure:3824: $? = 0
configure:3839: result: no
configure:3844: checking for suffix of object files
configure:3866: gcc -c   conftest.c >&5
configure:3870: $? = 0
configure:3891: result: o
configure:3895: checking whether we are using the GNU C compiler
configure:3914: gcc -c   conftest.c >&5
configure:3914: $? = 0
configure:3923: result: yes
configure:3932: checking whether gcc accepts -g
configure:3952: gcc -c -g  conftest.c >&5
configure:3952: $? = 0
configure:3993: result: yes
configure:4010: checking for gcc option to accept ISO C89
configure:4074: gcc  -c -g -O2  conftest.c >&5
configure:4074: $? = 0
configure:4087: result: none needed
configure:4118: checking for style of include used by make
configure:4146: result: GNU
configure:4171: checking dependency style of gcc
configure:4281: result: gcc3
configure:4296: checking for gcc option to accept ISO C99
configure:4445: gcc  -c -g -O2  conftest.c >&5
conftest.c:61: error: expected ';', ',' or ')' before 'text'
conftest.c: In function 'main':
conftest.c:115: error: nested functions are disabled, use -fnested-functions to re-enable
conftest.c:115: error: expected '=', ',', ';', 'asm' or '__attribute__' before 'newvar'
conftest.c:115: error: 'newvar' undeclared (first use in this function)
conftest.c:115: error: (Each undeclared identifier is reported only once
conftest.c:115: error: for each function it appears in.)
conftest.c:125: error: 'for' loop initial declaration used outside C99 mode
configure:4445: $? = 1
configure: failed program was:
| /* confdefs.h */
| #define PACKAGE_NAME "zeromq"
| #define PACKAGE_TARNAME "zeromq"
| #define PACKAGE_VERSION "3.2.0"
| #define PACKAGE_STRING "zeromq 3.2.0"
| #define PACKAGE_BUGREPORT "zeromq-dev@lists.zeromq.org"
| #define PACKAGE_URL ""
| #define PACKAGE "zeromq"
| #define VERSION "3.2.0"
| /* end confdefs.h.  */
| #include <stdarg.h>
| #include <stdbool.h>
| #include <stdlib.h>
| #include <wchar.h>
| #include <stdio.h>
| 
| // Check varargs macros.  These examples are taken from C99 6.10.3.5.
| #define debug(...) fprintf (stderr, __VA_ARGS__)
| #define showlist(...) puts (#__VA_ARGS__)
| #define report(test,...) ((test) ? puts (#test) : printf (__VA_ARGS__))
| static void
| test_varargs_macros (void)
| {
|   int x = 1234;
|   int y = 5678;
|   debug ("Flag");
|   debug ("X = %d\n", x);
|   showlist (The first, second, and third items.);
|   report (x>y, "x is %d but y is %d", x, y);
| }
| 
| // Check long long types.
| #define BIG64 18446744073709551615ull
| #define BIG32 4294967295ul
| #define BIG_OK (BIG64 / BIG32 == 4294967297ull && BIG64 % BIG32 == 0)
| #if !BIG_OK
|   your preprocessor is broken;
| #endif
| #if BIG_OK
| #else
|   your preprocessor is broken;
| #endif
| static long long int bignum = -9223372036854775807LL;
| static unsigned long long int ubignum = BIG64;
| 
| struct incomplete_array
| {
|   int datasize;
|   double data[];
| };
| 
| struct named_init {
|   int number;
|   const wchar_t *name;
|   double average;
| };
| 
| typedef const char *ccp;
| 
| static inline int
| test_restrict (ccp restrict text)
| {
|   // See if C++-style comments work.
|   // Iterate through items via the restricted pointer.
|   // Also check for declarations in for loops.
|   for (unsigned int i = 0; *(text+i) != '\0'; ++i)
|     continue;
|   return 0;
| }
| 
| // Check varargs and va_copy.
| static void
| test_varargs (const char *format, ...)
| {
|   va_list args;
|   va_start (args, format);
|   va_list args_copy;
|   va_copy (args_copy, args);
| 
|   const char *str;
|   int number;
|   float fnumber;
| 
|   while (*format)
|     {
|       switch (*format++)
| 	{
| 	case 's': // string
| 	  str = va_arg (args_copy, const char *);
| 	  break;
| 	case 'd': // int
| 	  number = va_arg (args_copy, int);
| 	  break;
| 	case 'f': // float
| 	  fnumber = va_arg (args_copy, double);
| 	  break;
| 	default:
| 	  break;
| 	}
|     }
|   va_end (args_copy);
|   va_end (args);
| }
| 
| int
| main ()
| {
| 
|   // Check bool.
|   _Bool success = false;
| 
|   // Check restrict.
|   if (test_restrict ("String literal") == 0)
|     success = true;
|   char *restrict newvar = "Another string";
| 
|   // Check varargs.
|   test_varargs ("s, d' f .", "string", 65, 34.234);
|   test_varargs_macros ();
| 
|   // Check flexible array members.
|   struct incomplete_array *ia =
|     malloc (sizeof (struct incomplete_array) + (sizeof (double) * 10));
|   ia->datasize = 10;
|   for (int i = 0; i < ia->datasize; ++i)
|     ia->data[i] = i * 1.234;
| 
|   // Check named initializers.
|   struct named_init ni = {
|     .number = 34,
|     .name = L"Test wide string",
|     .average = 543.34343,
|   };
| 
|   ni.number = 58;
| 
|   int dynamic_array[ni.number];
|   dynamic_array[ni.number - 1] = 543;
| 
|   // work around unused variable warnings
|   return (!success || bignum == 0LL || ubignum == 0uLL || newvar[0] == 'x'
| 	  || dynamic_array[ni.number - 1] != 543);
| 
|   ;
|   return 0;
| }
configure:4445: gcc -std=gnu99 -c -g -O2  conftest.c >&5
configure:4445: $? = 0
configure:4465: result: -std=gnu99
configure:4531: checking for g++
configure:4547: found /usr/bin/g++
configure:4558: result: g++
configure:4585: checking for C++ compiler version
configure:4594: g++ --version >&5
i686-apple-darwin11-llvm-g++-4.2 (GCC) 4.2.1 (Based on Apple Inc. build 5658) (LLVM build 2336.9.00)
Copyright (C) 2007 Free Software Foundation, Inc.
This is free software; see the source for copying conditions.  There is NO
warranty; not even for MERCHANTABILITY or FITNESS FOR A PARTICULAR PURPOSE.

configure:4605: $? = 0
configure:4594: g++ -v >&5
Using built-in specs.
Target: i686-apple-darwin11
Configured with: /private/var/tmp/llvmgcc42/llvmgcc42-2336.9~22/src/configure --disable-checking --enable-werror --prefix=/Applications/Xcode.app/Contents/Developer/usr/llvm-gcc-4.2 --mandir=/share/man --enable-languages=c,objc,c++,obj-c++ --program-prefix=llvm- --program-transform-name=/^[cg][^.-]*$/s/$/-4.2/ --with-slibdir=/usr/lib --build=i686-apple-darwin11 --enable-llvm=/private/var/tmp/llvmgcc42/llvmgcc42-2336.9~22/dst-llvmCore/Developer/usr/local --program-prefix=i686-apple-darwin11- --host=x86_64-apple-darwin11 --target=i686-apple-darwin11 --with-gxx-include-dir=/usr/include/c++/4.2.1
Thread model: posix
gcc version 4.2.1 (Based on Apple Inc. build 5658) (LLVM build 2336.9.00)
configure:4605: $? = 0
configure:4594: g++ -V >&5
llvm-g++-4.2: argument to `-V' is missing
configure:4605: $? = 1
configure:4594: g++ -qversion >&5
i686-apple-darwin11-llvm-g++-4.2: no input files
configure:4605: $? = 1
configure:4609: checking whether we are using the GNU C++ compiler
configure:4628: g++ -c   conftest.cpp >&5
configure:4628: $? = 0
configure:4637: result: yes
configure:4646: checking whether g++ accepts -g
configure:4666: g++ -c -g  conftest.cpp >&5
configure:4666: $? = 0
configure:4707: result: yes
configure:4732: checking dependency style of g++
configure:4842: result: gcc3
configure:4858: checking whether gcc -std=gnu99 and cc understand -c and -o together
configure:4889: gcc -std=gnu99 -c conftest.c -o conftest2.o >&5
configure:4893: $? = 0
configure:4899: gcc -std=gnu99 -c conftest.c -o conftest2.o >&5
configure:4903: $? = 0
configure:4914: cc -c conftest.c >&5
configure:4918: $? = 0
configure:4926: cc -c conftest.c -o conftest2.o >&5
configure:4930: $? = 0
configure:4936: cc -c conftest.c -o conftest2.o >&5
configure:4940: $? = 0
configure:4958: result: yes
configure:4983: checking for a sed that does not truncate output
configure:5047: result: /usr/bin/sed
configure:5056: checking for gawk
configure:5083: result: awk
configure:5099: checking for xmlto
configure:5132: result: no
configure:5140: checking for asciidoc
configure:5173: result: no
configure:5182: checking build system type
configure:5196: result: x86_64-apple-darwin11.4.0
configure:5216: checking host system type
configure:5229: result: x86_64-apple-darwin11.4.0
configure:5670: checking how to print strings
configure:5697: result: printf
configure:5718: checking for a sed that does not truncate output
configure:5782: result: /usr/bin/sed
configure:5800: checking for grep that handles long lines and -e
configure:5858: result: /usr/bin/grep
configure:5863: checking for egrep
configure:5925: result: /usr/bin/grep -E
configure:5930: checking for fgrep
configure:5992: result: /usr/bin/grep -F
configure:6027: checking for ld used by gcc -std=gnu99
configure:6094: result: /usr/llvm-gcc-4.2/libexec/gcc/i686-apple-darwin11/4.2.1/ld
configure:6101: checking if the linker (/usr/llvm-gcc-4.2/libexec/gcc/i686-apple-darwin11/4.2.1/ld) is GNU ld
configure:6116: result: no
configure:6128: checking for BSD- or MS-compatible name lister (nm)
configure:6177: result: /usr/bin/nm
configure:6307: checking the name lister (/usr/bin/nm) interface
configure:6314: gcc -std=gnu99 -c -g -O2  conftest.c >&5
configure:6317: /usr/bin/nm "conftest.o"
configure:6320: output
00000000000001a0 S _some_variable
configure:6327: result: BSD nm
configure:6330: checking whether ln -s works
configure:6334: result: yes
configure:6342: checking the maximum length of command line arguments
configure:6467: result: 196608
configure:6484: checking whether the shell understands some XSI constructs
configure:6494: result: yes
configure:6498: checking whether the shell understands "+="
configure:6504: result: yes
configure:6539: checking how to convert x86_64-apple-darwin11.4.0 file names to x86_64-apple-darwin11.4.0 format
configure:6579: result: func_convert_file_noop
configure:6586: checking how to convert x86_64-apple-darwin11.4.0 file names to toolchain format
configure:6606: result: func_convert_file_noop
configure:6613: checking for /usr/llvm-gcc-4.2/libexec/gcc/i686-apple-darwin11/4.2.1/ld option to reload object files
configure:6620: result: -r
configure:6694: checking for objdump
configure:6721: result: objdump
configure:6750: checking how to recognize dependent libraries
configure:6952: result: pass_all
configure:7037: checking for dlltool
configure:7064: result: dlltool
configure:7094: checking how to associate runtime and link libraries
configure:7121: result: printf %s\n
configure:7182: checking for ar
configure:7198: found /usr/bin/ar
configure:7209: result: ar
configure:7246: checking for archiver @FILE support
configure:7263: gcc -std=gnu99 -c -g -O2  conftest.c >&5
configure:7263: $? = 0
configure:7266: ar cru libconftest.a @conftest.lst >&5
ar: @conftest.lst: No such file or directory
configure:7269: $? = 1
configure:7289: result: no
configure:7347: checking for strip
configure:7363: found /usr/bin/strip
configure:7374: result: strip
configure:7446: checking for ranlib
configure:7462: found /usr/bin/ranlib
configure:7473: result: ranlib
configure:7575: checking command to parse /usr/bin/nm output from gcc -std=gnu99 object
configure:7694: gcc -std=gnu99 -c -g -O2  conftest.c >&5
configure:7697: $? = 0
configure:7701: /usr/bin/nm conftest.o \| sed -n -e 's/^.*[ ]\([BCDEGRST][BCDEGRST]*\)[ ][ ]*\([_A-Za-z][_A-Za-z0-9]*\)$/\1 \2 \2/p' | sed '/ __gnu_lto/d' \> conftest.nm
configure:7704: $? = 0
cannot find nm_test_var in conftest.nm
configure:7694: gcc -std=gnu99 -c -g -O2  conftest.c >&5
configure:7697: $? = 0
configure:7701: /usr/bin/nm conftest.o \| sed -n -e 's/^.*[ ]\([BCDEGRST][BCDEGRST]*\)[ ][ ]*_\([_A-Za-z][_A-Za-z0-9]*\)$/\1 _\2 \2/p' | sed '/ __gnu_lto/d' \> conftest.nm
configure:7704: $? = 0
configure:7770: gcc -std=gnu99 -o conftest -g -O2   conftest.c conftstm.o >&5
configure:7773: $? = 0
configure:7811: result: ok
configure:7848: checking for sysroot
configure:7878: result: no
configure:8121: checking for mt
configure:8151: result: no
configure:8171: checking if : is a manifest tool
configure:8177: : '-?'
configure:8185: result: no
configure:8241: checking for dsymutil
configure:8257: found /usr/bin/dsymutil
configure:8268: result: dsymutil
configure:8333: checking for nmedit
configure:8349: found /usr/bin/nmedit
configure:8360: result: nmedit
configure:8425: checking for lipo
configure:8441: found /usr/bin/lipo
configure:8452: result: lipo
configure:8517: checking for otool
configure:8533: found /usr/bin/otool
configure:8544: result: otool
configure:8609: checking for otool64
configure:8639: result: no
configure:8684: checking for -single_module linker flag
gcc -std=gnu99 -g -O2  -o libconftest.dylib -dynamiclib -Wl,-single_module conftest.c
configure:8711: result: yes
configure:8713: checking for -exported_symbols_list linker flag
configure:8733: gcc -std=gnu99 -o conftest -g -O2   -Wl,-exported_symbols_list,conftest.sym conftest.c  >&5
configure:8733: $? = 0
configure:8743: result: yes
configure:8745: checking for -force_load linker flag
gcc -std=gnu99 -g -O2 -c -o conftest.o conftest.c
ar cru libconftest.a conftest.o
ranlib libconftest.a
gcc -std=gnu99 -g -O2  -o conftest conftest.c -Wl,-force_load,./libconftest.a
configure:8775: result: yes
configure:8817: checking how to run the C preprocessor
configure:8848: gcc -std=gnu99 -E  conftest.c
configure:8848: $? = 0
configure:8862: gcc -std=gnu99 -E  conftest.c
conftest.c:11:28: error: ac_nonexistent.h: No such file or directory
configure:8862: $? = 1
configure: failed program was:
| /* confdefs.h */
| #define PACKAGE_NAME "zeromq"
| #define PACKAGE_TARNAME "zeromq"
| #define PACKAGE_VERSION "3.2.0"
| #define PACKAGE_STRING "zeromq 3.2.0"
| #define PACKAGE_BUGREPORT "zeromq-dev@lists.zeromq.org"
| #define PACKAGE_URL ""
| #define PACKAGE "zeromq"
| #define VERSION "3.2.0"
| /* end confdefs.h.  */
| #include <ac_nonexistent.h>
configure:8887: result: gcc -std=gnu99 -E
configure:8907: gcc -std=gnu99 -E  conftest.c
configure:8907: $? = 0
configure:8921: gcc -std=gnu99 -E  conftest.c
conftest.c:11:28: error: ac_nonexistent.h: No such file or directory
configure:8921: $? = 1
configure: failed program was:
| /* confdefs.h */
| #define PACKAGE_NAME "zeromq"
| #define PACKAGE_TARNAME "zeromq"
| #define PACKAGE_VERSION "3.2.0"
| #define PACKAGE_STRING "zeromq 3.2.0"
| #define PACKAGE_BUGREPORT "zeromq-dev@lists.zeromq.org"
| #define PACKAGE_URL ""
| #define PACKAGE "zeromq"
| #define VERSION "3.2.0"
| /* end confdefs.h.  */
| #include <ac_nonexistent.h>
configure:8950: checking for ANSI C header files
configure:8970: gcc -std=gnu99 -c -g -O2  conftest.c >&5
configure:8970: $? = 0
configure:9043: gcc -std=gnu99 -o conftest -g -O2   conftest.c  >&5
configure:9043: $? = 0
configure:9043: ./conftest
configure:9043: $? = 0
configure:9054: result: yes
configure:9067: checking for sys/types.h
configure:9067: gcc -std=gnu99 -c -g -O2  conftest.c >&5
configure:9067: $? = 0
configure:9067: result: yes
configure:9067: checking for sys/stat.h
configure:9067: gcc -std=gnu99 -c -g -O2  conftest.c >&5
configure:9067: $? = 0
configure:9067: result: yes
configure:9067: checking for stdlib.h
configure:9067: gcc -std=gnu99 -c -g -O2  conftest.c >&5
configure:9067: $? = 0
configure:9067: result: yes
configure:9067: checking for string.h
configure:9067: gcc -std=gnu99 -c -g -O2  conftest.c >&5
configure:9067: $? = 0
configure:9067: result: yes
configure:9067: checking for memory.h
configure:9067: gcc -std=gnu99 -c -g -O2  conftest.c >&5
configure:9067: $? = 0
configure:9067: result: yes
configure:9067: checking for strings.h
configure:9067: gcc -std=gnu99 -c -g -O2  conftest.c >&5
configure:9067: $? = 0
configure:9067: result: yes
configure:9067: checking for inttypes.h
configure:9067: gcc -std=gnu99 -c -g -O2  conftest.c >&5
configure:9067: $? = 0
configure:9067: result: yes
configure:9067: checking for stdint.h
configure:9067: gcc -std=gnu99 -c -g -O2  conftest.c >&5
configure:9067: $? = 0
configure:9067: result: yes
configure:9067: checking for unistd.h
configure:9067: gcc -std=gnu99 -c -g -O2  conftest.c >&5
configure:9067: $? = 0
configure:9067: result: yes
configure:9081: checking for dlfcn.h
configure:9081: gcc -std=gnu99 -c -g -O2  conftest.c >&5
configure:9081: $? = 0
configure:9081: result: yes
configure:9247: checking for objdir
configure:9262: result: .libs
configure:9533: checking if gcc -std=gnu99 supports -fno-rtti -fno-exceptions
configure:9551: gcc -std=gnu99 -c -g -O2  -fno-rtti -fno-exceptions conftest.c >&5
cc1: warning: command line option "-fno-rtti" is valid for C++/ObjC++ but not for C
configure:9555: $? = 0
configure:9568: result: no
configure:9878: checking for gcc -std=gnu99 option to produce PIC
configure:9885: result: -fno-common -DPIC
configure:9893: checking if gcc -std=gnu99 PIC flag -fno-common -DPIC works
configure:9911: gcc -std=gnu99 -c -g -O2  -fno-common -DPIC -DPIC conftest.c >&5
configure:9915: $? = 0
configure:9928: result: yes
configure:9957: checking if gcc -std=gnu99 static flag -static works
configure:9985: result: no
configure:10000: checking if gcc -std=gnu99 supports -c -o file.o
configure:10021: gcc -std=gnu99 -c -g -O2  -o out/conftest2.o conftest.c >&5
configure:10025: $? = 0
configure:10047: result: yes
configure:10055: checking if gcc -std=gnu99 supports -c -o file.o
configure:10102: result: yes
configure:10135: checking whether the gcc -std=gnu99 linker (/usr/llvm-gcc-4.2/libexec/gcc/i686-apple-darwin11/4.2.1/ld) supports shared libraries
configure:11297: result: yes
configure:11542: checking dynamic linker characteristics
configure:12291: result: darwin11.4.0 dyld
configure:12398: checking how to hardcode library paths into programs
configure:12423: result: immediate
configure:12963: checking whether stripping libraries is possible
configure:12977: result: yes
configure:13003: checking if libtool supports shared libraries
configure:13005: result: yes
configure:13008: checking whether to build shared libraries
configure:13029: result: yes
configure:13032: checking whether to build static libraries
configure:13036: result: yes
configure:13059: checking how to run the C++ preprocessor
configure:13086: g++ -E  conftest.cpp
configure:13086: $? = 0
configure:13100: g++ -E  conftest.cpp
conftest.cpp:23:28: error: ac_nonexistent.h: No such file or directory
configure:13100: $? = 1
configure: failed program was:
| /* confdefs.h */
| #define PACKAGE_NAME "zeromq"
| #define PACKAGE_TARNAME "zeromq"
| #define PACKAGE_VERSION "3.2.0"
| #define PACKAGE_STRING "zeromq 3.2.0"
| #define PACKAGE_BUGREPORT "zeromq-dev@lists.zeromq.org"
| #define PACKAGE_URL ""
| #define PACKAGE "zeromq"
| #define VERSION "3.2.0"
| #define STDC_HEADERS 1
| #define HAVE_SYS_TYPES_H 1
| #define HAVE_SYS_STAT_H 1
| #define HAVE_STDLIB_H 1
| #define HAVE_STRING_H 1
| #define HAVE_MEMORY_H 1
| #define HAVE_STRINGS_H 1
| #define HAVE_INTTYPES_H 1
| #define HAVE_STDINT_H 1
| #define HAVE_UNISTD_H 1
| #define HAVE_DLFCN_H 1
| #define LT_OBJDIR ".libs/"
| /* end confdefs.h.  */
| #include <ac_nonexistent.h>
configure:13125: result: g++ -E
configure:13145: g++ -E  conftest.cpp
configure:13145: $? = 0
configure:13159: g++ -E  conftest.cpp
conftest.cpp:23:28: error: ac_nonexistent.h: No such file or directory
configure:13159: $? = 1
configure: failed program was:
| /* confdefs.h */
| #define PACKAGE_NAME "zeromq"
| #define PACKAGE_TARNAME "zeromq"
| #define PACKAGE_VERSION "3.2.0"
| #define PACKAGE_STRING "zeromq 3.2.0"
| #define PACKAGE_BUGREPORT "zeromq-dev@lists.zeromq.org"
| #define PACKAGE_URL ""
| #define PACKAGE "zeromq"
| #define VERSION "3.2.0"
| #define STDC_HEADERS 1
| #define HAVE_SYS_TYPES_H 1
| #define HAVE_SYS_STAT_H 1
| #define HAVE_STDLIB_H 1
| #define HAVE_STRING_H 1
| #define HAVE_MEMORY_H 1
| #define HAVE_STRINGS_H 1
| #define HAVE_INTTYPES_H 1
| #define HAVE_STDINT_H 1
| #define HAVE_UNISTD_H 1
| #define HAVE_DLFCN_H 1
| #define LT_OBJDIR ".libs/"
| /* end confdefs.h.  */
| #include <ac_nonexistent.h>
configure:13329: checking for ld used by g++
configure:13396: result: /usr/llvm-gcc-4.2/libexec/gcc/i686-apple-darwin11/4.2.1/ld
configure:13403: checking if the linker (/usr/llvm-gcc-4.2/libexec/gcc/i686-apple-darwin11/4.2.1/ld) is GNU ld
configure:13418: result: no
configure:13473: checking whether the g++ linker (/usr/llvm-gcc-4.2/libexec/gcc/i686-apple-darwin11/4.2.1/ld) supports shared libraries
configure:14477: result: yes
configure:14512: g++ -c -g -O2  conftest.cpp >&5
configure:14515: $? = 0
configure:15035: checking for g++ option to produce PIC
configure:15042: result: -fno-common -DPIC
configure:15050: checking if g++ PIC flag -fno-common -DPIC works
configure:15068: g++ -c -g -O2  -fno-common -DPIC -DPIC conftest.cpp >&5
configure:15072: $? = 0
configure:15085: result: yes
configure:15108: checking if g++ static flag -static works
configure:15136: result: no
configure:15148: checking if g++ supports -c -o file.o
configure:15169: g++ -c -g -O2  -o out/conftest2.o conftest.cpp >&5
configure:15173: $? = 0
configure:15195: result: yes
configure:15200: checking if g++ supports -c -o file.o
configure:15247: result: yes
configure:15277: checking whether the g++ linker (/usr/llvm-gcc-4.2/libexec/gcc/i686-apple-darwin11/4.2.1/ld) supports shared libraries
configure:15314: result: yes
configure:15457: checking dynamic linker characteristics
configure:16140: result: darwin11.4.0 dyld
configure:16193: checking how to hardcode library paths into programs
configure:16218: result: immediate
configure:16289: checking whether the C compiler works
configure:16305: gcc -std=gnu99 -o conftest -g -O2   conftest.c  >&5
configure:16305: $? = 0
configure:16314: result: yes
configure:16322: checking whether we are using Intel C compiler
configure:16341: gcc -std=gnu99 -c -g -O2  conftest.c >&5
conftest.c: In function 'main':
conftest.c:28: error: 'error' undeclared (first use in this function)
conftest.c:28: error: (Each undeclared identifier is reported only once
conftest.c:28: error: for each function it appears in.)
conftest.c:28: error: expected ';' before 'if'
configure:16341: $? = 1
configure: failed program was:
| /* confdefs.h */
| #define PACKAGE_NAME "zeromq"
| #define PACKAGE_TARNAME "zeromq"
| #define PACKAGE_VERSION "3.2.0"
| #define PACKAGE_STRING "zeromq 3.2.0"
| #define PACKAGE_BUGREPORT "zeromq-dev@lists.zeromq.org"
| #define PACKAGE_URL ""
| #define PACKAGE "zeromq"
| #define VERSION "3.2.0"
| #define STDC_HEADERS 1
| #define HAVE_SYS_TYPES_H 1
| #define HAVE_SYS_STAT_H 1
| #define HAVE_STDLIB_H 1
| #define HAVE_STRING_H 1
| #define HAVE_MEMORY_H 1
| #define HAVE_STRINGS_H 1
| #define HAVE_INTTYPES_H 1
| #define HAVE_STDINT_H 1
| #define HAVE_UNISTD_H 1
| #define HAVE_DLFCN_H 1
| #define LT_OBJDIR ".libs/"
| /* end confdefs.h.  */
| 
| int
| main ()
| {
| #ifndef __INTEL_COMPILER
|        error if not ICC
| #endif
| 
|   ;
|   return 0;
| }
configure:16349: result: no
configure:16351: checking whether we are using Sun Studio C compiler
configure:16370: gcc -std=gnu99 -c -g -O2  conftest.c >&5
conftest.c: In function 'main':
conftest.c:28: error: 'error' undeclared (first use in this function)
conftest.c:28: error: (Each undeclared identifier is reported only once
conftest.c:28: error: for each function it appears in.)
conftest.c:28: error: expected ';' before 'if'
configure:16370: $? = 1
configure: failed program was:
| /* confdefs.h */
| #define PACKAGE_NAME "zeromq"
| #define PACKAGE_TARNAME "zeromq"
| #define PACKAGE_VERSION "3.2.0"
| #define PACKAGE_STRING "zeromq 3.2.0"
| #define PACKAGE_BUGREPORT "zeromq-dev@lists.zeromq.org"
| #define PACKAGE_URL ""
| #define PACKAGE "zeromq"
| #define VERSION "3.2.0"
| #define STDC_HEADERS 1
| #define HAVE_SYS_TYPES_H 1
| #define HAVE_SYS_STAT_H 1
| #define HAVE_STDLIB_H 1
| #define HAVE_STRING_H 1
| #define HAVE_MEMORY_H 1
| #define HAVE_STRINGS_H 1
| #define HAVE_INTTYPES_H 1
| #define HAVE_STDINT_H 1
| #define HAVE_UNISTD_H 1
| #define HAVE_DLFCN_H 1
| #define LT_OBJDIR ".libs/"
| /* end confdefs.h.  */
| 
| int
| main ()
| {
| #if !defined(__SUNPRO_CC) && !defined(__SUNPRO_C)
|        error if not sun studio
| #endif
| 
|   ;
|   return 0;
| }
configure:16378: result: no
configure:16380: checking whether we are using clang C compiler
configure:16399: gcc -std=gnu99 -c -g -O2  conftest.c >&5
conftest.c: In function 'main':
conftest.c:28: error: 'error' undeclared (first use in this function)
conftest.c:28: error: (Each undeclared identifier is reported only once
conftest.c:28: error: for each function it appears in.)
conftest.c:28: error: expected ';' before 'if'
configure:16399: $? = 1
configure: failed program was:
| /* confdefs.h */
| #define PACKAGE_NAME "zeromq"
| #define PACKAGE_TARNAME "zeromq"
| #define PACKAGE_VERSION "3.2.0"
| #define PACKAGE_STRING "zeromq 3.2.0"
| #define PACKAGE_BUGREPORT "zeromq-dev@lists.zeromq.org"
| #define PACKAGE_URL ""
| #define PACKAGE "zeromq"
| #define VERSION "3.2.0"
| #define STDC_HEADERS 1
| #define HAVE_SYS_TYPES_H 1
| #define HAVE_SYS_STAT_H 1
| #define HAVE_STDLIB_H 1
| #define HAVE_STRING_H 1
| #define HAVE_MEMORY_H 1
| #define HAVE_STRINGS_H 1
| #define HAVE_INTTYPES_H 1
| #define HAVE_STDINT_H 1
| #define HAVE_UNISTD_H 1
| #define HAVE_DLFCN_H 1
| #define LT_OBJDIR ".libs/"
| /* end confdefs.h.  */
| 
| int
| main ()
| {
| #ifndef __clang__
|        error if not clang
| #endif
| 
|   ;
|   return 0;
| }
configure:16407: result: no
configure:16409: checking whether we are using gcc >= 4 C compiler
configure:16428: gcc -std=gnu99 -c -g -O2  conftest.c >&5
configure:16428: $? = 0
configure:16436: result: yes
configure:16453: checking whether the C++ compiler works
configure:16469: g++ -o conftest -g -O2   conftest.cpp  >&5
configure:16469: $? = 0
configure:16478: result: yes
configure:16486: checking whether we are using Intel C++ compiler
configure:16505: g++ -c -g -O2  conftest.cpp >&5
conftest.cpp: In function 'int main()':
conftest.cpp:28: error: 'error' was not declared in this scope
conftest.cpp:28: error: expected `;' before 'if'
configure:16505: $? = 1
configure: failed program was:
| /* confdefs.h */
| #define PACKAGE_NAME "zeromq"
| #define PACKAGE_TARNAME "zeromq"
| #define PACKAGE_VERSION "3.2.0"
| #define PACKAGE_STRING "zeromq 3.2.0"
| #define PACKAGE_BUGREPORT "zeromq-dev@lists.zeromq.org"
| #define PACKAGE_URL ""
| #define PACKAGE "zeromq"
| #define VERSION "3.2.0"
| #define STDC_HEADERS 1
| #define HAVE_SYS_TYPES_H 1
| #define HAVE_SYS_STAT_H 1
| #define HAVE_STDLIB_H 1
| #define HAVE_STRING_H 1
| #define HAVE_MEMORY_H 1
| #define HAVE_STRINGS_H 1
| #define HAVE_INTTYPES_H 1
| #define HAVE_STDINT_H 1
| #define HAVE_UNISTD_H 1
| #define HAVE_DLFCN_H 1
| #define LT_OBJDIR ".libs/"
| /* end confdefs.h.  */
| 
| int
| main ()
| {
| #ifndef __INTEL_COMPILER
|        error if not ICC
| #endif
| 
|   ;
|   return 0;
| }
configure:16513: result: no
configure:16515: checking whether we are using Sun Studio C++ compiler
configure:16534: g++ -c -g -O2  conftest.cpp >&5
conftest.cpp: In function 'int main()':
conftest.cpp:28: error: 'error' was not declared in this scope
conftest.cpp:28: error: expected `;' before 'if'
configure:16534: $? = 1
configure: failed program was:
| /* confdefs.h */
| #define PACKAGE_NAME "zeromq"
| #define PACKAGE_TARNAME "zeromq"
| #define PACKAGE_VERSION "3.2.0"
| #define PACKAGE_STRING "zeromq 3.2.0"
| #define PACKAGE_BUGREPORT "zeromq-dev@lists.zeromq.org"
| #define PACKAGE_URL ""
| #define PACKAGE "zeromq"
| #define VERSION "3.2.0"
| #define STDC_HEADERS 1
| #define HAVE_SYS_TYPES_H 1
| #define HAVE_SYS_STAT_H 1
| #define HAVE_STDLIB_H 1
| #define HAVE_STRING_H 1
| #define HAVE_MEMORY_H 1
| #define HAVE_STRINGS_H 1
| #define HAVE_INTTYPES_H 1
| #define HAVE_STDINT_H 1
| #define HAVE_UNISTD_H 1
| #define HAVE_DLFCN_H 1
| #define LT_OBJDIR ".libs/"
| /* end confdefs.h.  */
| 
| int
| main ()
| {
| #if !defined(__SUNPRO_CC) && !defined(__SUNPRO_C)
|        error if not sun studio
| #endif
| 
|   ;
|   return 0;
| }
configure:16542: result: no
configure:16544: checking whether we are using clang C++ compiler
configure:16563: g++ -c -g -O2  conftest.cpp >&5
conftest.cpp: In function 'int main()':
conftest.cpp:28: error: 'error' was not declared in this scope
conftest.cpp:28: error: expected `;' before 'if'
configure:16563: $? = 1
configure: failed program was:
| /* confdefs.h */
| #define PACKAGE_NAME "zeromq"
| #define PACKAGE_TARNAME "zeromq"
| #define PACKAGE_VERSION "3.2.0"
| #define PACKAGE_STRING "zeromq 3.2.0"
| #define PACKAGE_BUGREPORT "zeromq-dev@lists.zeromq.org"
| #define PACKAGE_URL ""
| #define PACKAGE "zeromq"
| #define VERSION "3.2.0"
| #define STDC_HEADERS 1
| #define HAVE_SYS_TYPES_H 1
| #define HAVE_SYS_STAT_H 1
| #define HAVE_STDLIB_H 1
| #define HAVE_STRING_H 1
| #define HAVE_MEMORY_H 1
| #define HAVE_STRINGS_H 1
| #define HAVE_INTTYPES_H 1
| #define HAVE_STDINT_H 1
| #define HAVE_UNISTD_H 1
| #define HAVE_DLFCN_H 1
| #define LT_OBJDIR ".libs/"
| /* end confdefs.h.  */
| 
| int
| main ()
| {
| #ifndef __clang__
|        error if not clang
| #endif
| 
|   ;
|   return 0;
| }
configure:16571: result: no
configure:16573: checking whether we are using gcc >= 4 C++ compiler
configure:16592: g++ -c -g -O2  conftest.cpp >&5
configure:16592: $? = 0
configure:16600: result: yes
configure:16634: checking whether to enable debugging information
configure:16672: result: no
configure:16689: checking whether to enable code coverage
configure:16720: result: no
configure:16726: checking for pthread_create in -lpthread
configure:16751: gcc -std=gnu99 -o conftest -g -O2   conftest.c -lpthread   >&5
configure:16751: $? = 0
configure:16760: result: yes
configure:16771: checking for clock_gettime in -lrt
configure:16796: gcc -std=gnu99 -o conftest -g -O2   conftest.c -lrt  -lpthread  >&5
ld: library not found for -lrt
collect2: ld returned 1 exit status
configure:16796: $? = 1
configure: failed program was:
| /* confdefs.h */
| #define PACKAGE_NAME "zeromq"
| #define PACKAGE_TARNAME "zeromq"
| #define PACKAGE_VERSION "3.2.0"
| #define PACKAGE_STRING "zeromq 3.2.0"
| #define PACKAGE_BUGREPORT "zeromq-dev@lists.zeromq.org"
| #define PACKAGE_URL ""
| #define PACKAGE "zeromq"
| #define VERSION "3.2.0"
| #define STDC_HEADERS 1
| #define HAVE_SYS_TYPES_H 1
| #define HAVE_SYS_STAT_H 1
| #define HAVE_STDLIB_H 1
| #define HAVE_STRING_H 1
| #define HAVE_MEMORY_H 1
| #define HAVE_STRINGS_H 1
| #define HAVE_INTTYPES_H 1
| #define HAVE_STDINT_H 1
| #define HAVE_UNISTD_H 1
| #define HAVE_DLFCN_H 1
| #define LT_OBJDIR ".libs/"
| #define HAVE_LIBPTHREAD 1
| /* end confdefs.h.  */
| 
| /* Override any GCC internal prototype to avoid an error.
|    Use char because int might match the return type of a GCC
|    builtin and then its argument prototype would still apply.  */
| #ifdef __cplusplus
| extern "C"
| #endif
| char clock_gettime ();
| int
| main ()
| {
| return clock_gettime ();
|   ;
|   return 0;
| }
configure:16805: result: no
configure:17006: checking whether C++ compiler supports -Wno-uninitialized
configure:17038: g++ -c -g -O2 -D_DARWIN_C_SOURCE -D_REENTRANT -D_THREAD_SAFE  -Wno-uninitialized conftest.cpp >&5
configure:17038: $? = 0
configure:17069: result: yes
configure:17606: checking whether C++ compiler supports -fvisibility=hidden
configure:17638: g++ -c -g -O2 -Wno-uninitialized -D_DARWIN_C_SOURCE -D_REENTRANT -D_THREAD_SAFE  -fvisibility=hidden conftest.cpp >&5
configure:17638: $? = 0
configure:17669: result: yes
configure:17755: checking whether C++ compiler supports dso visibility
configure:17759: result: yes
configure:17903: checking for asciidoc
configure:17931: result: no
configure:17941: checking for xmlto
configure:17969: result: no
configure:17995: checking whether to build documentation
configure:17997: result: no
configure:18000: checking whether to install manpages
configure:18002: result: yes
configure:18034: checking for suitable polling system
configure:18070: gcc -std=gnu99 -o conftest -g -O2 -Wno-uninitialized -D_DARWIN_C_SOURCE -D_REENTRANT -D_THREAD_SAFE   conftest.c -lpthread  >&5
configure:18070: $? = 0
configure:18255: result: using kqueue
configure:18264: checking for ANSI C header files
configure:18368: result: yes
configure:18380: checking errno.h usability
configure:18380: gcc -std=gnu99 -c -g -O2 -Wno-uninitialized -D_DARWIN_C_SOURCE -D_REENTRANT -D_THREAD_SAFE  -DZMQ_FORCE_KQUEUE conftest.c >&5
configure:18380: $? = 0
configure:18380: result: yes
configure:18380: checking errno.h presence
configure:18380: gcc -std=gnu99 -E -Wno-uninitialized -D_DARWIN_C_SOURCE -D_REENTRANT -D_THREAD_SAFE  -DZMQ_FORCE_KQUEUE conftest.c
configure:18380: $? = 0
configure:18380: result: yes
configure:18380: checking for errno.h
configure:18380: result: yes
configure:18380: checking arpa/inet.h usability
configure:18380: gcc -std=gnu99 -c -g -O2 -Wno-uninitialized -D_DARWIN_C_SOURCE -D_REENTRANT -D_THREAD_SAFE  -DZMQ_FORCE_KQUEUE conftest.c >&5
configure:18380: $? = 0
configure:18380: result: yes
configure:18380: checking arpa/inet.h presence
configure:18380: gcc -std=gnu99 -E -Wno-uninitialized -D_DARWIN_C_SOURCE -D_REENTRANT -D_THREAD_SAFE  -DZMQ_FORCE_KQUEUE conftest.c
configure:18380: $? = 0
configure:18380: result: yes
configure:18380: checking for arpa/inet.h
configure:18380: result: yes
configure:18380: checking netinet/tcp.h usability
configure:18380: gcc -std=gnu99 -c -g -O2 -Wno-uninitialized -D_DARWIN_C_SOURCE -D_REENTRANT -D_THREAD_SAFE  -DZMQ_FORCE_KQUEUE conftest.c >&5
configure:18380: $? = 0
configure:18380: result: yes
configure:18380: checking netinet/tcp.h presence
configure:18380: gcc -std=gnu99 -E -Wno-uninitialized -D_DARWIN_C_SOURCE -D_REENTRANT -D_THREAD_SAFE  -DZMQ_FORCE_KQUEUE conftest.c
configure:18380: $? = 0
configure:18380: result: yes
configure:18380: checking for netinet/tcp.h
configure:18380: result: yes
configure:18380: checking netinet/in.h usability
configure:18380: gcc -std=gnu99 -c -g -O2 -Wno-uninitialized -D_DARWIN_C_SOURCE -D_REENTRANT -D_THREAD_SAFE  -DZMQ_FORCE_KQUEUE conftest.c >&5
configure:18380: $? = 0
configure:18380: result: yes
configure:18380: checking netinet/in.h presence
configure:18380: gcc -std=gnu99 -E -Wno-uninitialized -D_DARWIN_C_SOURCE -D_REENTRANT -D_THREAD_SAFE  -DZMQ_FORCE_KQUEUE conftest.c
configure:18380: $? = 0
configure:18380: result: yes
configure:18380: checking for netinet/in.h
configure:18380: result: yes
configure:18380: checking stddef.h usability
configure:18380: gcc -std=gnu99 -c -g -O2 -Wno-uninitialized -D_DARWIN_C_SOURCE -D_REENTRANT -D_THREAD_SAFE  -DZMQ_FORCE_KQUEUE conftest.c >&5
configure:18380: $? = 0
configure:18380: result: yes
configure:18380: checking stddef.h presence
configure:18380: gcc -std=gnu99 -E -Wno-uninitialized -D_DARWIN_C_SOURCE -D_REENTRANT -D_THREAD_SAFE  -DZMQ_FORCE_KQUEUE conftest.c
configure:18380: $? = 0
configure:18380: result: yes
configure:18380: checking for stddef.h
configure:18380: result: yes
configure:18380: checking for stdlib.h
configure:18380: result: yes
configure:18380: checking for string.h
configure:18380: result: yes
configure:18380: checking sys/socket.h usability
configure:18380: gcc -std=gnu99 -c -g -O2 -Wno-uninitialized -D_DARWIN_C_SOURCE -D_REENTRANT -D_THREAD_SAFE  -DZMQ_FORCE_KQUEUE conftest.c >&5
configure:18380: $? = 0
configure:18380: result: yes
configure:18380: checking sys/socket.h presence
configure:18380: gcc -std=gnu99 -E -Wno-uninitialized -D_DARWIN_C_SOURCE -D_REENTRANT -D_THREAD_SAFE  -DZMQ_FORCE_KQUEUE conftest.c
configure:18380: $? = 0
configure:18380: result: yes
configure:18380: checking for sys/socket.h
configure:18380: result: yes
configure:18380: checking sys/time.h usability
configure:18380: gcc -std=gnu99 -c -g -O2 -Wno-uninitialized -D_DARWIN_C_SOURCE -D_REENTRANT -D_THREAD_SAFE  -DZMQ_FORCE_KQUEUE conftest.c >&5
configure:18380: $? = 0
configure:18380: result: yes
configure:18380: checking sys/time.h presence
configure:18380: gcc -std=gnu99 -E -Wno-uninitialized -D_DARWIN_C_SOURCE -D_REENTRANT -D_THREAD_SAFE  -DZMQ_FORCE_KQUEUE conftest.c
configure:18380: $? = 0
configure:18380: result: yes
configure:18380: checking for sys/time.h
configure:18380: result: yes
configure:18380: checking time.h usability
configure:18380: gcc -std=gnu99 -c -g -O2 -Wno-uninitialized -D_DARWIN_C_SOURCE -D_REENTRANT -D_THREAD_SAFE  -DZMQ_FORCE_KQUEUE conftest.c >&5
configure:18380: $? = 0
configure:18380: result: yes
configure:18380: checking time.h presence
configure:18380: gcc -std=gnu99 -E -Wno-uninitialized -D_DARWIN_C_SOURCE -D_REENTRANT -D_THREAD_SAFE  -DZMQ_FORCE_KQUEUE conftest.c
configure:18380: $? = 0
configure:18380: result: yes
configure:18380: checking for time.h
configure:18380: result: yes
configure:18380: checking for unistd.h
configure:18380: result: yes
configure:18380: checking limits.h usability
configure:18380: gcc -std=gnu99 -c -g -O2 -Wno-uninitialized -D_DARWIN_C_SOURCE -D_REENTRANT -D_THREAD_SAFE  -DZMQ_FORCE_KQUEUE conftest.c >&5
configure:18380: $? = 0
configure:18380: result: yes
configure:18380: checking limits.h presence
configure:18380: gcc -std=gnu99 -E -Wno-uninitialized -D_DARWIN_C_SOURCE -D_REENTRANT -D_THREAD_SAFE  -DZMQ_FORCE_KQUEUE conftest.c
configure:18380: $? = 0
configure:18380: result: yes
configure:18380: checking for limits.h
configure:18380: result: yes
configure:18394: checking ifaddrs.h usability
configure:18394: gcc -std=gnu99 -c -g -O2 -Wno-uninitialized -D_DARWIN_C_SOURCE -D_REENTRANT -D_THREAD_SAFE  -DZMQ_FORCE_KQUEUE conftest.c >&5
configure:18394: $? = 0
configure:18394: result: yes
configure:18394: checking ifaddrs.h presence
configure:18394: gcc -std=gnu99 -E -Wno-uninitialized -D_DARWIN_C_SOURCE -D_REENTRANT -D_THREAD_SAFE  -DZMQ_FORCE_KQUEUE conftest.c
configure:18394: $? = 0
configure:18394: result: yes
configure:18394: checking for ifaddrs.h
configure:18394: result: yes
configure:18410: checking sys/uio.h usability
configure:18410: gcc -std=gnu99 -c -g -O2 -Wno-uninitialized -D_DARWIN_C_SOURCE -D_REENTRANT -D_THREAD_SAFE  -DZMQ_FORCE_KQUEUE conftest.c >&5
configure:18410: $? = 0
configure:18410: result: yes
configure:18410: checking sys/uio.h presence
configure:18410: gcc -std=gnu99 -E -Wno-uninitialized -D_DARWIN_C_SOURCE -D_REENTRANT -D_THREAD_SAFE  -DZMQ_FORCE_KQUEUE conftest.c
configure:18410: $? = 0
configure:18410: result: yes
configure:18410: checking for sys/uio.h
configure:18410: result: yes
configure:18436: checking sys/eventfd.h usability
configure:18436: gcc -std=gnu99 -c -g -O2 -Wno-uninitialized -D_DARWIN_C_SOURCE -D_REENTRANT -D_THREAD_SAFE  -DZMQ_FORCE_KQUEUE conftest.c >&5
conftest.c:75:25: error: sys/eventfd.h: No such file or directory
configure:18436: $? = 1
configure: failed program was:
| /* confdefs.h */
| #define PACKAGE_NAME "zeromq"
| #define PACKAGE_TARNAME "zeromq"
| #define PACKAGE_VERSION "3.2.0"
| #define PACKAGE_STRING "zeromq 3.2.0"
| #define PACKAGE_BUGREPORT "zeromq-dev@lists.zeromq.org"
| #define PACKAGE_URL ""
| #define PACKAGE "zeromq"
| #define VERSION "3.2.0"
| #define STDC_HEADERS 1
| #define HAVE_SYS_TYPES_H 1
| #define HAVE_SYS_STAT_H 1
| #define HAVE_STDLIB_H 1
| #define HAVE_STRING_H 1
| #define HAVE_MEMORY_H 1
| #define HAVE_STRINGS_H 1
| #define HAVE_INTTYPES_H 1
| #define HAVE_STDINT_H 1
| #define HAVE_UNISTD_H 1
| #define HAVE_DLFCN_H 1
| #define LT_OBJDIR ".libs/"
| #define HAVE_LIBPTHREAD 1
| #define ZMQ_HAVE_OSX 1
| #define STDC_HEADERS 1
| #define HAVE_ERRNO_H 1
| #define HAVE_ARPA_INET_H 1
| #define HAVE_NETINET_TCP_H 1
| #define HAVE_NETINET_IN_H 1
| #define HAVE_STDDEF_H 1
| #define HAVE_STDLIB_H 1
| #define HAVE_STRING_H 1
| #define HAVE_SYS_SOCKET_H 1
| #define HAVE_SYS_TIME_H 1
| #define HAVE_TIME_H 1
| #define HAVE_UNISTD_H 1
| #define HAVE_LIMITS_H 1
| #define HAVE_IFADDRS_H 1
| #define ZMQ_HAVE_IFADDRS 1
| #define HAVE_SYS_UIO_H 1
| #define ZMQ_HAVE_UIO 1
| /* end confdefs.h.  */
| #include <stdio.h>
| #ifdef HAVE_SYS_TYPES_H
| # include <sys/types.h>
| #endif
| #ifdef HAVE_SYS_STAT_H
| # include <sys/stat.h>
| #endif
| #ifdef STDC_HEADERS
| # include <stdlib.h>
| # include <stddef.h>
| #else
| # ifdef HAVE_STDLIB_H
| #  include <stdlib.h>
| # endif
| #endif
| #ifdef HAVE_STRING_H
| # if !defined STDC_HEADERS && defined HAVE_MEMORY_H
| #  include <memory.h>
| # endif
| # include <string.h>
| #endif
| #ifdef HAVE_STRINGS_H
| # include <strings.h>
| #endif
| #ifdef HAVE_INTTYPES_H
| # include <inttypes.h>
| #endif
| #ifdef HAVE_STDINT_H
| # include <stdint.h>
| #endif
| #ifdef HAVE_UNISTD_H
| # include <unistd.h>
| #endif
| #include <sys/eventfd.h>
configure:18436: result: no
configure:18436: checking sys/eventfd.h presence
configure:18436: gcc -std=gnu99 -E -Wno-uninitialized -D_DARWIN_C_SOURCE -D_REENTRANT -D_THREAD_SAFE  -DZMQ_FORCE_KQUEUE conftest.c
conftest.c:42:25: error: sys/eventfd.h: No such file or directory
configure:18436: $? = 1
configure: failed program was:
| /* confdefs.h */
| #define PACKAGE_NAME "zeromq"
| #define PACKAGE_TARNAME "zeromq"
| #define PACKAGE_VERSION "3.2.0"
| #define PACKAGE_STRING "zeromq 3.2.0"
| #define PACKAGE_BUGREPORT "zeromq-dev@lists.zeromq.org"
| #define PACKAGE_URL ""
| #define PACKAGE "zeromq"
| #define VERSION "3.2.0"
| #define STDC_HEADERS 1
| #define HAVE_SYS_TYPES_H 1
| #define HAVE_SYS_STAT_H 1
| #define HAVE_STDLIB_H 1
| #define HAVE_STRING_H 1
| #define HAVE_MEMORY_H 1
| #define HAVE_STRINGS_H 1
| #define HAVE_INTTYPES_H 1
| #define HAVE_STDINT_H 1
| #define HAVE_UNISTD_H 1
| #define HAVE_DLFCN_H 1
| #define LT_OBJDIR ".libs/"
| #define HAVE_LIBPTHREAD 1
| #define ZMQ_HAVE_OSX 1
| #define STDC_HEADERS 1
| #define HAVE_ERRNO_H 1
| #define HAVE_ARPA_INET_H 1
| #define HAVE_NETINET_TCP_H 1
| #define HAVE_NETINET_IN_H 1
| #define HAVE_STDDEF_H 1
| #define HAVE_STDLIB_H 1
| #define HAVE_STRING_H 1
| #define HAVE_SYS_SOCKET_H 1
| #define HAVE_SYS_TIME_H 1
| #define HAVE_TIME_H 1
| #define HAVE_UNISTD_H 1
| #define HAVE_LIMITS_H 1
| #define HAVE_IFADDRS_H 1
| #define ZMQ_HAVE_IFADDRS 1
| #define HAVE_SYS_UIO_H 1
| #define ZMQ_HAVE_UIO 1
| /* end confdefs.h.  */
| #include <sys/eventfd.h>
configure:18436: result: no
configure:18436: checking for sys/eventfd.h
configure:18436: result: no
configure:18458: checking for stdbool.h that conforms to C99
configure:18525: g++ -c -g -O2 -Wno-uninitialized -D_DARWIN_C_SOURCE -D_REENTRANT -D_THREAD_SAFE  -DZMQ_FORCE_KQUEUE conftest.cpp >&5
configure:18525: $? = 0
configure:18532: result: yes
configure:18534: checking for _Bool
configure:18534: g++ -c -g -O2 -Wno-uninitialized -D_DARWIN_C_SOURCE -D_REENTRANT -D_THREAD_SAFE  -DZMQ_FORCE_KQUEUE conftest.cpp >&5
conftest.cpp: In function 'int main()':
conftest.cpp:78: error: '_Bool' was not declared in this scope
configure:18534: $? = 1
configure: failed program was:
| /* confdefs.h */
| #define PACKAGE_NAME "zeromq"
| #define PACKAGE_TARNAME "zeromq"
| #define PACKAGE_VERSION "3.2.0"
| #define PACKAGE_STRING "zeromq 3.2.0"
| #define PACKAGE_BUGREPORT "zeromq-dev@lists.zeromq.org"
| #define PACKAGE_URL ""
| #define PACKAGE "zeromq"
| #define VERSION "3.2.0"
| #define STDC_HEADERS 1
| #define HAVE_SYS_TYPES_H 1
| #define HAVE_SYS_STAT_H 1
| #define HAVE_STDLIB_H 1
| #define HAVE_STRING_H 1
| #define HAVE_MEMORY_H 1
| #define HAVE_STRINGS_H 1
| #define HAVE_INTTYPES_H 1
| #define HAVE_STDINT_H 1
| #define HAVE_UNISTD_H 1
| #define HAVE_DLFCN_H 1
| #define LT_OBJDIR ".libs/"
| #define HAVE_LIBPTHREAD 1
| #define ZMQ_HAVE_OSX 1
| #define STDC_HEADERS 1
| #define HAVE_ERRNO_H 1
| #define HAVE_ARPA_INET_H 1
| #define HAVE_NETINET_TCP_H 1
| #define HAVE_NETINET_IN_H 1
| #define HAVE_STDDEF_H 1
| #define HAVE_STDLIB_H 1
| #define HAVE_STRING_H 1
| #define HAVE_SYS_SOCKET_H 1
| #define HAVE_SYS_TIME_H 1
| #define HAVE_TIME_H 1
| #define HAVE_UNISTD_H 1
| #define HAVE_LIMITS_H 1
| #define HAVE_IFADDRS_H 1
| #define ZMQ_HAVE_IFADDRS 1
| #define HAVE_SYS_UIO_H 1
| #define ZMQ_HAVE_UIO 1
| /* end confdefs.h.  */
| #include <stdio.h>
| #ifdef HAVE_SYS_TYPES_H
| # include <sys/types.h>
| #endif
| #ifdef HAVE_SYS_STAT_H
| # include <sys/stat.h>
| #endif
| #ifdef STDC_HEADERS
| # include <stdlib.h>
| # include <stddef.h>
| #else
| # ifdef HAVE_STDLIB_H
| #  include <stdlib.h>
| # endif
| #endif
| #ifdef HAVE_STRING_H
| # if !defined STDC_HEADERS && defined HAVE_MEMORY_H
| #  include <memory.h>
| # endif
| # include <string.h>
| #endif
| #ifdef HAVE_STRINGS_H
| # include <strings.h>
| #endif
| #ifdef HAVE_INTTYPES_H
| # include <inttypes.h>
| #endif
| #ifdef HAVE_STDINT_H
| # include <stdint.h>
| #endif
| #ifdef HAVE_UNISTD_H
| # include <unistd.h>
| #endif
| int
| main ()
| {
| if (sizeof (_Bool))
| 	 return 0;
|   ;
|   return 0;
| }
configure:18534: result: no
configure:18550: checking for an ANSI C-conforming const
configure:18615: g++ -c -g -O2 -Wno-uninitialized -D_DARWIN_C_SOURCE -D_REENTRANT -D_THREAD_SAFE  -DZMQ_FORCE_KQUEUE conftest.cpp >&5
configure:18615: $? = 0
configure:18622: result: yes
configure:18630: checking for inline
configure:18646: g++ -c -g -O2 -Wno-uninitialized -D_DARWIN_C_SOURCE -D_REENTRANT -D_THREAD_SAFE  -DZMQ_FORCE_KQUEUE conftest.cpp >&5
configure:18646: $? = 0
configure:18654: result: inline
configure:18721: checking for size_t
configure:18721: g++ -c -g -O2 -Wno-uninitialized -D_DARWIN_C_SOURCE -D_REENTRANT -D_THREAD_SAFE  -DZMQ_FORCE_KQUEUE conftest.cpp >&5
configure:18721: $? = 0
configure:18721: g++ -c -g -O2 -Wno-uninitialized -D_DARWIN_C_SOURCE -D_REENTRANT -D_THREAD_SAFE  -DZMQ_FORCE_KQUEUE conftest.cpp >&5
conftest.cpp: In function 'int main()':
conftest.cpp:79: error: expected primary-expression before ')' token
configure:18721: $? = 1
configure: failed program was:
| /* confdefs.h */
| #define PACKAGE_NAME "zeromq"
| #define PACKAGE_TARNAME "zeromq"
| #define PACKAGE_VERSION "3.2.0"
| #define PACKAGE_STRING "zeromq 3.2.0"
| #define PACKAGE_BUGREPORT "zeromq-dev@lists.zeromq.org"
| #define PACKAGE_URL ""
| #define PACKAGE "zeromq"
| #define VERSION "3.2.0"
| #define STDC_HEADERS 1
| #define HAVE_SYS_TYPES_H 1
| #define HAVE_SYS_STAT_H 1
| #define HAVE_STDLIB_H 1
| #define HAVE_STRING_H 1
| #define HAVE_MEMORY_H 1
| #define HAVE_STRINGS_H 1
| #define HAVE_INTTYPES_H 1
| #define HAVE_STDINT_H 1
| #define HAVE_UNISTD_H 1
| #define HAVE_DLFCN_H 1
| #define LT_OBJDIR ".libs/"
| #define HAVE_LIBPTHREAD 1
| #define ZMQ_HAVE_OSX 1
| #define STDC_HEADERS 1
| #define HAVE_ERRNO_H 1
| #define HAVE_ARPA_INET_H 1
| #define HAVE_NETINET_TCP_H 1
| #define HAVE_NETINET_IN_H 1
| #define HAVE_STDDEF_H 1
| #define HAVE_STDLIB_H 1
| #define HAVE_STRING_H 1
| #define HAVE_SYS_SOCKET_H 1
| #define HAVE_SYS_TIME_H 1
| #define HAVE_TIME_H 1
| #define HAVE_UNISTD_H 1
| #define HAVE_LIMITS_H 1
| #define HAVE_IFADDRS_H 1
| #define ZMQ_HAVE_IFADDRS 1
| #define HAVE_SYS_UIO_H 1
| #define ZMQ_HAVE_UIO 1
| #define HAVE_STDBOOL_H 1
| /* end confdefs.h.  */
| #include <stdio.h>
| #ifdef HAVE_SYS_TYPES_H
| # include <sys/types.h>
| #endif
| #ifdef HAVE_SYS_STAT_H
| # include <sys/stat.h>
| #endif
| #ifdef STDC_HEADERS
| # include <stdlib.h>
| # include <stddef.h>
| #else
| # ifdef HAVE_STDLIB_H
| #  include <stdlib.h>
| # endif
| #endif
| #ifdef HAVE_STRING_H
| # if !defined STDC_HEADERS && defined HAVE_MEMORY_H
| #  include <memory.h>
| # endif
| # include <string.h>
| #endif
| #ifdef HAVE_STRINGS_H
| # include <strings.h>
| #endif
| #ifdef HAVE_INTTYPES_H
| # include <inttypes.h>
| #endif
| #ifdef HAVE_STDINT_H
| # include <stdint.h>
| #endif
| #ifdef HAVE_UNISTD_H
| # include <unistd.h>
| #endif
| int
| main ()
| {
| if (sizeof ((size_t)))
| 	    return 0;
|   ;
|   return 0;
| }
configure:18721: result: yes
configure:18732: checking for ssize_t
configure:18732: g++ -c -g -O2 -Wno-uninitialized -D_DARWIN_C_SOURCE -D_REENTRANT -D_THREAD_SAFE  -DZMQ_FORCE_KQUEUE conftest.cpp >&5
configure:18732: $? = 0
configure:18732: g++ -c -g -O2 -Wno-uninitialized -D_DARWIN_C_SOURCE -D_REENTRANT -D_THREAD_SAFE  -DZMQ_FORCE_KQUEUE conftest.cpp >&5
conftest.cpp: In function 'int main()':
conftest.cpp:79: error: expected primary-expression before ')' token
configure:18732: $? = 1
configure: failed program was:
| /* confdefs.h */
| #define PACKAGE_NAME "zeromq"
| #define PACKAGE_TARNAME "zeromq"
| #define PACKAGE_VERSION "3.2.0"
| #define PACKAGE_STRING "zeromq 3.2.0"
| #define PACKAGE_BUGREPORT "zeromq-dev@lists.zeromq.org"
| #define PACKAGE_URL ""
| #define PACKAGE "zeromq"
| #define VERSION "3.2.0"
| #define STDC_HEADERS 1
| #define HAVE_SYS_TYPES_H 1
| #define HAVE_SYS_STAT_H 1
| #define HAVE_STDLIB_H 1
| #define HAVE_STRING_H 1
| #define HAVE_MEMORY_H 1
| #define HAVE_STRINGS_H 1
| #define HAVE_INTTYPES_H 1
| #define HAVE_STDINT_H 1
| #define HAVE_UNISTD_H 1
| #define HAVE_DLFCN_H 1
| #define LT_OBJDIR ".libs/"
| #define HAVE_LIBPTHREAD 1
| #define ZMQ_HAVE_OSX 1
| #define STDC_HEADERS 1
| #define HAVE_ERRNO_H 1
| #define HAVE_ARPA_INET_H 1
| #define HAVE_NETINET_TCP_H 1
| #define HAVE_NETINET_IN_H 1
| #define HAVE_STDDEF_H 1
| #define HAVE_STDLIB_H 1
| #define HAVE_STRING_H 1
| #define HAVE_SYS_SOCKET_H 1
| #define HAVE_SYS_TIME_H 1
| #define HAVE_TIME_H 1
| #define HAVE_UNISTD_H 1
| #define HAVE_LIMITS_H 1
| #define HAVE_IFADDRS_H 1
| #define ZMQ_HAVE_IFADDRS 1
| #define HAVE_SYS_UIO_H 1
| #define ZMQ_HAVE_UIO 1
| #define HAVE_STDBOOL_H 1
| /* end confdefs.h.  */
| #include <stdio.h>
| #ifdef HAVE_SYS_TYPES_H
| # include <sys/types.h>
| #endif
| #ifdef HAVE_SYS_STAT_H
| # include <sys/stat.h>
| #endif
| #ifdef STDC_HEADERS
| # include <stdlib.h>
| # include <stddef.h>
| #else
| # ifdef HAVE_STDLIB_H
| #  include <stdlib.h>
| # endif
| #endif
| #ifdef HAVE_STRING_H
| # if !defined STDC_HEADERS && defined HAVE_MEMORY_H
| #  include <memory.h>
| # endif
| # include <string.h>
| #endif
| #ifdef HAVE_STRINGS_H
| # include <strings.h>
| #endif
| #ifdef HAVE_INTTYPES_H
| # include <inttypes.h>
| #endif
| #ifdef HAVE_STDINT_H
| # include <stdint.h>
| #endif
| #ifdef HAVE_UNISTD_H
| # include <unistd.h>
| #endif
| int
| main ()
| {
| if (sizeof ((ssize_t)))
| 	    return 0;
|   ;
|   return 0;
| }
configure:18732: result: yes
configure:18744: checking whether time.h and sys/time.h may both be included
configure:18764: g++ -c -g -O2 -Wno-uninitialized -D_DARWIN_C_SOURCE -D_REENTRANT -D_THREAD_SAFE  -DZMQ_FORCE_KQUEUE conftest.cpp >&5
configure:18764: $? = 0
configure:18771: result: yes
configure:18779: checking for uint32_t
configure:18779: g++ -c -g -O2 -Wno-uninitialized -D_DARWIN_C_SOURCE -D_REENTRANT -D_THREAD_SAFE  -DZMQ_FORCE_KQUEUE conftest.cpp >&5
configure:18779: $? = 0
configure:18779: result: yes
configure:18793: checking for working volatile
configure:18812: g++ -c -g -O2 -Wno-uninitialized -D_DARWIN_C_SOURCE -D_REENTRANT -D_THREAD_SAFE  -DZMQ_FORCE_KQUEUE conftest.cpp >&5
configure:18812: $? = 0
configure:18819: result: yes
configure:19323: checking how to enable additional warnings for C++ compiler
configure:19358: result: -Wall
configure:19484: checking return type of signal handlers
configure:19502: g++ -c -g -O2 -Wall -Wno-uninitialized -D_DARWIN_C_SOURCE -D_REENTRANT -D_THREAD_SAFE  -DZMQ_FORCE_KQUEUE conftest.cpp >&5
conftest.cpp: In function 'int main()':
conftest.cpp:50: error: void value not ignored as it ought to be
configure:19502: $? = 1
configure: failed program was:
| /* confdefs.h */
| #define PACKAGE_NAME "zeromq"
| #define PACKAGE_TARNAME "zeromq"
| #define PACKAGE_VERSION "3.2.0"
| #define PACKAGE_STRING "zeromq 3.2.0"
| #define PACKAGE_BUGREPORT "zeromq-dev@lists.zeromq.org"
| #define PACKAGE_URL ""
| #define PACKAGE "zeromq"
| #define VERSION "3.2.0"
| #define STDC_HEADERS 1
| #define HAVE_SYS_TYPES_H 1
| #define HAVE_SYS_STAT_H 1
| #define HAVE_STDLIB_H 1
| #define HAVE_STRING_H 1
| #define HAVE_MEMORY_H 1
| #define HAVE_STRINGS_H 1
| #define HAVE_INTTYPES_H 1
| #define HAVE_STDINT_H 1
| #define HAVE_UNISTD_H 1
| #define HAVE_DLFCN_H 1
| #define LT_OBJDIR ".libs/"
| #define HAVE_LIBPTHREAD 1
| #define ZMQ_HAVE_OSX 1
| #define STDC_HEADERS 1
| #define HAVE_ERRNO_H 1
| #define HAVE_ARPA_INET_H 1
| #define HAVE_NETINET_TCP_H 1
| #define HAVE_NETINET_IN_H 1
| #define HAVE_STDDEF_H 1
| #define HAVE_STDLIB_H 1
| #define HAVE_STRING_H 1
| #define HAVE_SYS_SOCKET_H 1
| #define HAVE_SYS_TIME_H 1
| #define HAVE_TIME_H 1
| #define HAVE_UNISTD_H 1
| #define HAVE_LIMITS_H 1
| #define HAVE_IFADDRS_H 1
| #define ZMQ_HAVE_IFADDRS 1
| #define HAVE_SYS_UIO_H 1
| #define ZMQ_HAVE_UIO 1
| #define HAVE_STDBOOL_H 1
| #define TIME_WITH_SYS_TIME 1
| /* end confdefs.h.  */
| #include <sys/types.h>
| #include <signal.h>
| 
| int
| main ()
| {
| return *(signal (0, 0)) (0) == 1;
|   ;
|   return 0;
| }
configure:19509: result: void
configure:19520: checking for perror
configure:19520: g++ -o conftest -g -O2 -Wall -Wno-uninitialized -D_DARWIN_C_SOURCE -D_REENTRANT -D_THREAD_SAFE  -DZMQ_FORCE_KQUEUE  conftest.cpp -lpthread  >&5
configure:19520: $? = 0
configure:19520: result: yes
configure:19520: checking for gettimeofday
configure:19520: g++ -o conftest -g -O2 -Wall -Wno-uninitialized -D_DARWIN_C_SOURCE -D_REENTRANT -D_THREAD_SAFE  -DZMQ_FORCE_KQUEUE  conftest.cpp -lpthread  >&5
configure:19520: $? = 0
configure:19520: result: yes
configure:19520: checking for clock_gettime
configure:19520: g++ -o conftest -g -O2 -Wall -Wno-uninitialized -D_DARWIN_C_SOURCE -D_REENTRANT -D_THREAD_SAFE  -DZMQ_FORCE_KQUEUE  conftest.cpp -lpthread  >&5
Undefined symbols for architecture x86_64:
  "_clock_gettime", referenced from:
      _main in cc7r2Cgy.o
ld: symbol(s) not found for architecture x86_64
collect2: ld returned 1 exit status
configure:19520: $? = 1
configure: failed program was:
| /* confdefs.h */
| #define PACKAGE_NAME "zeromq"
| #define PACKAGE_TARNAME "zeromq"
| #define PACKAGE_VERSION "3.2.0"
| #define PACKAGE_STRING "zeromq 3.2.0"
| #define PACKAGE_BUGREPORT "zeromq-dev@lists.zeromq.org"
| #define PACKAGE_URL ""
| #define PACKAGE "zeromq"
| #define VERSION "3.2.0"
| #define STDC_HEADERS 1
| #define HAVE_SYS_TYPES_H 1
| #define HAVE_SYS_STAT_H 1
| #define HAVE_STDLIB_H 1
| #define HAVE_STRING_H 1
| #define HAVE_MEMORY_H 1
| #define HAVE_STRINGS_H 1
| #define HAVE_INTTYPES_H 1
| #define HAVE_STDINT_H 1
| #define HAVE_UNISTD_H 1
| #define HAVE_DLFCN_H 1
| #define LT_OBJDIR ".libs/"
| #define HAVE_LIBPTHREAD 1
| #define ZMQ_HAVE_OSX 1
| #define STDC_HEADERS 1
| #define HAVE_ERRNO_H 1
| #define HAVE_ARPA_INET_H 1
| #define HAVE_NETINET_TCP_H 1
| #define HAVE_NETINET_IN_H 1
| #define HAVE_STDDEF_H 1
| #define HAVE_STDLIB_H 1
| #define HAVE_STRING_H 1
| #define HAVE_SYS_SOCKET_H 1
| #define HAVE_SYS_TIME_H 1
| #define HAVE_TIME_H 1
| #define HAVE_UNISTD_H 1
| #define HAVE_LIMITS_H 1
| #define HAVE_IFADDRS_H 1
| #define ZMQ_HAVE_IFADDRS 1
| #define HAVE_SYS_UIO_H 1
| #define ZMQ_HAVE_UIO 1
| #define HAVE_STDBOOL_H 1
| #define TIME_WITH_SYS_TIME 1
| #define RETSIGTYPE void
| #define HAVE_PERROR 1
| #define HAVE_GETTIMEOFDAY 1
| /* end confdefs.h.  */
| /* Define clock_gettime to an innocuous variant, in case <limits.h> declares clock_gettime.
|    For example, HP-UX 11i <limits.h> declares gettimeofday.  */
| #define clock_gettime innocuous_clock_gettime
| 
| /* System header to define __stub macros and hopefully few prototypes,
|     which can conflict with char clock_gettime (); below.
|     Prefer <limits.h> to <assert.h> if __STDC__ is defined, since
|     <limits.h> exists even on freestanding compilers.  */
| 
| #ifdef __STDC__
| # include <limits.h>
| #else
| # include <assert.h>
| #endif
| 
| #undef clock_gettime
| 
| /* Override any GCC internal prototype to avoid an error.
|    Use char because int might match the return type of a GCC
|    builtin and then its argument prototype would still apply.  */
| #ifdef __cplusplus
| extern "C"
| #endif
| char clock_gettime ();
| /* The GNU C library defines this for functions which it implements
|     to always fail with ENOSYS.  Some functions are actually named
|     something starting with __ and the normal name is an alias.  */
| #if defined __stub_clock_gettime || defined __stub___clock_gettime
| choke me
| #endif
| 
| int
| main ()
| {
| return clock_gettime ();
|   ;
|   return 0;
| }
configure:19520: result: no
configure:19520: checking for memset
configure:19520: g++ -o conftest -g -O2 -Wall -Wno-uninitialized -D_DARWIN_C_SOURCE -D_REENTRANT -D_THREAD_SAFE  -DZMQ_FORCE_KQUEUE  conftest.cpp -lpthread  >&5
configure:19520: $? = 0
configure:19520: result: yes
configure:19520: checking for socket
configure:19520: g++ -o conftest -g -O2 -Wall -Wno-uninitialized -D_DARWIN_C_SOURCE -D_REENTRANT -D_THREAD_SAFE  -DZMQ_FORCE_KQUEUE  conftest.cpp -lpthread  >&5
configure:19520: $? = 0
configure:19520: result: yes
configure:19520: checking for getifaddrs
configure:19520: g++ -o conftest -g -O2 -Wall -Wno-uninitialized -D_DARWIN_C_SOURCE -D_REENTRANT -D_THREAD_SAFE  -DZMQ_FORCE_KQUEUE  conftest.cpp -lpthread  >&5
configure:19520: $? = 0
configure:19520: result: yes
configure:19520: checking for freeifaddrs
configure:19520: g++ -o conftest -g -O2 -Wall -Wno-uninitialized -D_DARWIN_C_SOURCE -D_REENTRANT -D_THREAD_SAFE  -DZMQ_FORCE_KQUEUE  conftest.cpp -lpthread  >&5
configure:19520: $? = 0
configure:19520: result: yes
configure:19532: checking alloca.h usability
configure:19532: g++ -c -g -O2 -Wall -Wno-uninitialized -D_DARWIN_C_SOURCE -D_REENTRANT -D_THREAD_SAFE  -DZMQ_FORCE_KQUEUE conftest.cpp >&5
configure:19532: $? = 0
configure:19532: result: yes
configure:19532: checking alloca.h presence
configure:19532: g++ -E -Wall -Wno-uninitialized -D_DARWIN_C_SOURCE -D_REENTRANT -D_THREAD_SAFE  -DZMQ_FORCE_KQUEUE conftest.cpp
configure:19532: $? = 0
configure:19532: result: yes
configure:19532: checking for alloca.h
configure:19532: result: yes
configure:19543: checking whether SOCK_CLOEXEC is supported
configure:19563: g++ -o conftest -g -O2 -Wall -Wno-uninitialized -D_DARWIN_C_SOURCE -D_REENTRANT -D_THREAD_SAFE  -DZMQ_FORCE_KQUEUE  conftest.cpp -lpthread  >&5
conftest.cpp: In function 'int main(int, char**)':
conftest.cpp:58: error: 'SOCK_CLOEXEC' was not declared in this scope
configure:19563: $? = 1
configure: program exited with status 1
configure: failed program was:
| /* confdefs.h */
| #define PACKAGE_NAME "zeromq"
| #define PACKAGE_TARNAME "zeromq"
| #define PACKAGE_VERSION "3.2.0"
| #define PACKAGE_STRING "zeromq 3.2.0"
| #define PACKAGE_BUGREPORT "zeromq-dev@lists.zeromq.org"
| #define PACKAGE_URL ""
| #define PACKAGE "zeromq"
| #define VERSION "3.2.0"
| #define STDC_HEADERS 1
| #define HAVE_SYS_TYPES_H 1
| #define HAVE_SYS_STAT_H 1
| #define HAVE_STDLIB_H 1
| #define HAVE_STRING_H 1
| #define HAVE_MEMORY_H 1
| #define HAVE_STRINGS_H 1
| #define HAVE_INTTYPES_H 1
| #define HAVE_STDINT_H 1
| #define HAVE_UNISTD_H 1
| #define HAVE_DLFCN_H 1
| #define LT_OBJDIR ".libs/"
| #define HAVE_LIBPTHREAD 1
| #define ZMQ_HAVE_OSX 1
| #define STDC_HEADERS 1
| #define HAVE_ERRNO_H 1
| #define HAVE_ARPA_INET_H 1
| #define HAVE_NETINET_TCP_H 1
| #define HAVE_NETINET_IN_H 1
| #define HAVE_STDDEF_H 1
| #define HAVE_STDLIB_H 1
| #define HAVE_STRING_H 1
| #define HAVE_SYS_SOCKET_H 1
| #define HAVE_SYS_TIME_H 1
| #define HAVE_TIME_H 1
| #define HAVE_UNISTD_H 1
| #define HAVE_LIMITS_H 1
| #define HAVE_IFADDRS_H 1
| #define ZMQ_HAVE_IFADDRS 1
| #define HAVE_SYS_UIO_H 1
| #define ZMQ_HAVE_UIO 1
| #define HAVE_STDBOOL_H 1
| #define TIME_WITH_SYS_TIME 1
| #define RETSIGTYPE void
| #define HAVE_PERROR 1
| #define HAVE_GETTIMEOFDAY 1
| #define HAVE_MEMSET 1
| #define HAVE_SOCKET 1
| #define HAVE_GETIFADDRS 1
| #define HAVE_FREEIFADDRS 1
| #define HAVE_ALLOCA_H 1
| /* end confdefs.h.  */
| /* SOCK_CLOEXEC test */
| #include <sys/types.h>
| #include <sys/socket.h>
| 
| int main (int argc, char *argv [])
| {
|     int s = socket (PF_INET, SOCK_STREAM | SOCK_CLOEXEC, 0);
|     return (s == -1);
| }
| 
configure:19570: result: no
configure:19581: checking whether SO_KEEPALIVE is supported
configure:19604: g++ -o conftest -g -O2 -Wall -Wno-uninitialized -D_DARWIN_C_SOURCE -D_REENTRANT -D_THREAD_SAFE  -DZMQ_FORCE_KQUEUE  conftest.cpp -lpthread  >&5
configure:19604: $? = 0
configure:19604: ./conftest
configure:19604: $? = 0
configure:19605: result: yes
configure:19620: checking whether TCP_KEEPCNT is supported
configure:19646: g++ -o conftest -g -O2 -Wall -Wno-uninitialized -D_DARWIN_C_SOURCE -D_REENTRANT -D_THREAD_SAFE  -DZMQ_FORCE_KQUEUE  conftest.cpp -lpthread  >&5
conftest.cpp: In function 'int main(int, char**)':
conftest.cpp:65: error: 'TCP_KEEPCNT' was not declared in this scope
configure:19646: $? = 1
configure: program exited with status 1
configure: failed program was:
| /* confdefs.h */
| #define PACKAGE_NAME "zeromq"
| #define PACKAGE_TARNAME "zeromq"
| #define PACKAGE_VERSION "3.2.0"
| #define PACKAGE_STRING "zeromq 3.2.0"
| #define PACKAGE_BUGREPORT "zeromq-dev@lists.zeromq.org"
| #define PACKAGE_URL ""
| #define PACKAGE "zeromq"
| #define VERSION "3.2.0"
| #define STDC_HEADERS 1
| #define HAVE_SYS_TYPES_H 1
| #define HAVE_SYS_STAT_H 1
| #define HAVE_STDLIB_H 1
| #define HAVE_STRING_H 1
| #define HAVE_MEMORY_H 1
| #define HAVE_STRINGS_H 1
| #define HAVE_INTTYPES_H 1
| #define HAVE_STDINT_H 1
| #define HAVE_UNISTD_H 1
| #define HAVE_DLFCN_H 1
| #define LT_OBJDIR ".libs/"
| #define HAVE_LIBPTHREAD 1
| #define ZMQ_HAVE_OSX 1
| #define STDC_HEADERS 1
| #define HAVE_ERRNO_H 1
| #define HAVE_ARPA_INET_H 1
| #define HAVE_NETINET_TCP_H 1
| #define HAVE_NETINET_IN_H 1
| #define HAVE_STDDEF_H 1
| #define HAVE_STDLIB_H 1
| #define HAVE_STRING_H 1
| #define HAVE_SYS_SOCKET_H 1
| #define HAVE_SYS_TIME_H 1
| #define HAVE_TIME_H 1
| #define HAVE_UNISTD_H 1
| #define HAVE_LIMITS_H 1
| #define HAVE_IFADDRS_H 1
| #define ZMQ_HAVE_IFADDRS 1
| #define HAVE_SYS_UIO_H 1
| #define ZMQ_HAVE_UIO 1
| #define HAVE_STDBOOL_H 1
| #define TIME_WITH_SYS_TIME 1
| #define RETSIGTYPE void
| #define HAVE_PERROR 1
| #define HAVE_GETTIMEOFDAY 1
| #define HAVE_MEMSET 1
| #define HAVE_SOCKET 1
| #define HAVE_GETIFADDRS 1
| #define HAVE_FREEIFADDRS 1
| #define HAVE_ALLOCA_H 1
| #define ZMQ_HAVE_SO_KEEPALIVE 1
| /* end confdefs.h.  */
| /* TCP_KEEPCNT test */
| #include <sys/types.h>
| #include <sys/socket.h>
| #include <netinet/in.h>
| #include <netinet/tcp.h>
| 
| int main (int argc, char *argv [])
| {
|     int s, rc, opt = 1;
|     return (
|         ((s = socket (PF_INET, SOCK_STREAM, 0)) == -1) ||
|         ((rc = setsockopt (s, SOL_SOCKET, SO_KEEPALIVE, (char*) &opt, sizeof (int))) == -1) ||
|         ((rc = setsockopt (s, IPPROTO_TCP, TCP_KEEPCNT, (char*) &opt, sizeof (int))) == -1)
|     );
| }
| 
configure:19653: result: no
configure:19662: checking whether TCP_KEEPIDLE is supported
configure:19688: g++ -o conftest -g -O2 -Wall -Wno-uninitialized -D_DARWIN_C_SOURCE -D_REENTRANT -D_THREAD_SAFE  -DZMQ_FORCE_KQUEUE  conftest.cpp -lpthread  >&5
conftest.cpp: In function 'int main(int, char**)':
conftest.cpp:65: error: 'TCP_KEEPIDLE' was not declared in this scope
configure:19688: $? = 1
configure: program exited with status 1
configure: failed program was:
| /* confdefs.h */
| #define PACKAGE_NAME "zeromq"
| #define PACKAGE_TARNAME "zeromq"
| #define PACKAGE_VERSION "3.2.0"
| #define PACKAGE_STRING "zeromq 3.2.0"
| #define PACKAGE_BUGREPORT "zeromq-dev@lists.zeromq.org"
| #define PACKAGE_URL ""
| #define PACKAGE "zeromq"
| #define VERSION "3.2.0"
| #define STDC_HEADERS 1
| #define HAVE_SYS_TYPES_H 1
| #define HAVE_SYS_STAT_H 1
| #define HAVE_STDLIB_H 1
| #define HAVE_STRING_H 1
| #define HAVE_MEMORY_H 1
| #define HAVE_STRINGS_H 1
| #define HAVE_INTTYPES_H 1
| #define HAVE_STDINT_H 1
| #define HAVE_UNISTD_H 1
| #define HAVE_DLFCN_H 1
| #define LT_OBJDIR ".libs/"
| #define HAVE_LIBPTHREAD 1
| #define ZMQ_HAVE_OSX 1
| #define STDC_HEADERS 1
| #define HAVE_ERRNO_H 1
| #define HAVE_ARPA_INET_H 1
| #define HAVE_NETINET_TCP_H 1
| #define HAVE_NETINET_IN_H 1
| #define HAVE_STDDEF_H 1
| #define HAVE_STDLIB_H 1
| #define HAVE_STRING_H 1
| #define HAVE_SYS_SOCKET_H 1
| #define HAVE_SYS_TIME_H 1
| #define HAVE_TIME_H 1
| #define HAVE_UNISTD_H 1
| #define HAVE_LIMITS_H 1
| #define HAVE_IFADDRS_H 1
| #define ZMQ_HAVE_IFADDRS 1
| #define HAVE_SYS_UIO_H 1
| #define ZMQ_HAVE_UIO 1
| #define HAVE_STDBOOL_H 1
| #define TIME_WITH_SYS_TIME 1
| #define RETSIGTYPE void
| #define HAVE_PERROR 1
| #define HAVE_GETTIMEOFDAY 1
| #define HAVE_MEMSET 1
| #define HAVE_SOCKET 1
| #define HAVE_GETIFADDRS 1
| #define HAVE_FREEIFADDRS 1
| #define HAVE_ALLOCA_H 1
| #define ZMQ_HAVE_SO_KEEPALIVE 1
| /* end confdefs.h.  */
| /* TCP_KEEPIDLE test */
| #include <sys/types.h>
| #include <sys/socket.h>
| #include <netinet/in.h>
| #include <netinet/tcp.h>
| 
| int main (int argc, char *argv [])
| {
|     int s, rc, opt = 1;
|     return (
|         ((s = socket (PF_INET, SOCK_STREAM, 0)) == -1) ||
|         ((rc = setsockopt (s, SOL_SOCKET, SO_KEEPALIVE, (char*) &opt, sizeof (int))) == -1) ||
|         ((rc = setsockopt (s, IPPROTO_TCP, TCP_KEEPIDLE, (char*) &opt, sizeof (int))) == -1)
|     );
| }
| 
configure:19695: result: no
configure:19704: checking whether TCP_KEEPINTVL is supported
configure:19730: g++ -o conftest -g -O2 -Wall -Wno-uninitialized -D_DARWIN_C_SOURCE -D_REENTRANT -D_THREAD_SAFE  -DZMQ_FORCE_KQUEUE  conftest.cpp -lpthread  >&5
conftest.cpp: In function 'int main(int, char**)':
conftest.cpp:65: error: 'TCP_KEEPINTVL' was not declared in this scope
configure:19730: $? = 1
configure: program exited with status 1
configure: failed program was:
| /* confdefs.h */
| #define PACKAGE_NAME "zeromq"
| #define PACKAGE_TARNAME "zeromq"
| #define PACKAGE_VERSION "3.2.0"
| #define PACKAGE_STRING "zeromq 3.2.0"
| #define PACKAGE_BUGREPORT "zeromq-dev@lists.zeromq.org"
| #define PACKAGE_URL ""
| #define PACKAGE "zeromq"
| #define VERSION "3.2.0"
| #define STDC_HEADERS 1
| #define HAVE_SYS_TYPES_H 1
| #define HAVE_SYS_STAT_H 1
| #define HAVE_STDLIB_H 1
| #define HAVE_STRING_H 1
| #define HAVE_MEMORY_H 1
| #define HAVE_STRINGS_H 1
| #define HAVE_INTTYPES_H 1
| #define HAVE_STDINT_H 1
| #define HAVE_UNISTD_H 1
| #define HAVE_DLFCN_H 1
| #define LT_OBJDIR ".libs/"
| #define HAVE_LIBPTHREAD 1
| #define ZMQ_HAVE_OSX 1
| #define STDC_HEADERS 1
| #define HAVE_ERRNO_H 1
| #define HAVE_ARPA_INET_H 1
| #define HAVE_NETINET_TCP_H 1
| #define HAVE_NETINET_IN_H 1
| #define HAVE_STDDEF_H 1
| #define HAVE_STDLIB_H 1
| #define HAVE_STRING_H 1
| #define HAVE_SYS_SOCKET_H 1
| #define HAVE_SYS_TIME_H 1
| #define HAVE_TIME_H 1
| #define HAVE_UNISTD_H 1
| #define HAVE_LIMITS_H 1
| #define HAVE_IFADDRS_H 1
| #define ZMQ_HAVE_IFADDRS 1
| #define HAVE_SYS_UIO_H 1
| #define ZMQ_HAVE_UIO 1
| #define HAVE_STDBOOL_H 1
| #define TIME_WITH_SYS_TIME 1
| #define RETSIGTYPE void
| #define HAVE_PERROR 1
| #define HAVE_GETTIMEOFDAY 1
| #define HAVE_MEMSET 1
| #define HAVE_SOCKET 1
| #define HAVE_GETIFADDRS 1
| #define HAVE_FREEIFADDRS 1
| #define HAVE_ALLOCA_H 1
| #define ZMQ_HAVE_SO_KEEPALIVE 1
| /* end confdefs.h.  */
| /* TCP_KEEPINTVL test */
| #include <sys/types.h>
| #include <sys/socket.h>
| #include <netinet/in.h>
| #include <netinet/tcp.h>
| 
| int main (int argc, char *argv [])
| {
|     int s, rc, opt = 1;
|     return (
|         ((s = socket (PF_INET, SOCK_STREAM, 0)) == -1) ||
|         ((rc = setsockopt (s, SOL_SOCKET, SO_KEEPALIVE, (char*) &opt, sizeof (int))) == -1) ||
|         ((rc = setsockopt (s, IPPROTO_TCP, TCP_KEEPINTVL, (char*) &opt, sizeof (int))) == -1)
|     );
| }
| 
configure:19737: result: no
configure:19746: checking whether TCP_KEEPALIVE is supported
configure:19772: g++ -o conftest -g -O2 -Wall -Wno-uninitialized -D_DARWIN_C_SOURCE -D_REENTRANT -D_THREAD_SAFE  -DZMQ_FORCE_KQUEUE  conftest.cpp -lpthread  >&5
configure:19772: $? = 0
configure:19772: ./conftest
configure:19772: $? = 0
configure:19773: result: yes
configure:19945: creating ./config.status

## ---------------------- ##
## Running config.status. ##
## ---------------------- ##

This file was extended by zeromq config.status 3.2.0, which was
generated by GNU Autoconf 2.68.  Invocation command line was

  CONFIG_FILES    = 
  CONFIG_HEADERS  = 
  CONFIG_LINKS    = 
  CONFIG_COMMANDS = 
  $ ./config.status 

on MacBookPro

config.status:1216: creating Makefile
config.status:1216: creating src/Makefile
config.status:1216: creating doc/Makefile
config.status:1216: creating perf/Makefile
config.status:1216: creating src/libzmq.pc
config.status:1216: creating builds/msvc/Makefile
config.status:1216: creating tests/Makefile
config.status:1216: creating foreign/openpgm/Makefile
config.status:1216: creating builds/redhat/zeromq.spec
config.status:1216: creating src/platform.hpp
config.status:1445: executing depfiles commands
config.status:1445: executing libtool commands

## ---------------- ##
## Cache variables. ##
## ---------------- ##

ac_cv_build=x86_64-apple-darwin11.4.0
ac_cv_c_compiler_gnu=yes
ac_cv_c_const=yes
ac_cv_c_inline=inline
ac_cv_c_uint32_t=yes
ac_cv_c_volatile=yes
ac_cv_cxx_compiler_gnu=yes
ac_cv_env_ASCIIDOC_set=
ac_cv_env_ASCIIDOC_value=
ac_cv_env_CCC_set=
ac_cv_env_CCC_value=
ac_cv_env_CC_set=
ac_cv_env_CC_value=
ac_cv_env_CFLAGS_set=
ac_cv_env_CFLAGS_value=
ac_cv_env_CPPFLAGS_set=
ac_cv_env_CPPFLAGS_value=
ac_cv_env_CPP_set=
ac_cv_env_CPP_value=
ac_cv_env_CXXCPP_set=
ac_cv_env_CXXCPP_value=
ac_cv_env_CXXFLAGS_set=
ac_cv_env_CXXFLAGS_value=
ac_cv_env_CXX_set=
ac_cv_env_CXX_value=
ac_cv_env_LDFLAGS_set=
ac_cv_env_LDFLAGS_value=
ac_cv_env_LIBS_set=
ac_cv_env_LIBS_value=
ac_cv_env_OpenPGM_CFLAGS_set=
ac_cv_env_OpenPGM_CFLAGS_value=
ac_cv_env_OpenPGM_LIBS_set=
ac_cv_env_OpenPGM_LIBS_value=
ac_cv_env_PKG_CONFIG_LIBDIR_set=
ac_cv_env_PKG_CONFIG_LIBDIR_value=
ac_cv_env_PKG_CONFIG_PATH_set=
ac_cv_env_PKG_CONFIG_PATH_value=
ac_cv_env_PKG_CONFIG_set=
ac_cv_env_PKG_CONFIG_value=
ac_cv_env_XMLTO_set=
ac_cv_env_XMLTO_value=
ac_cv_env_build_alias_set=
ac_cv_env_build_alias_value=
ac_cv_env_host_alias_set=
ac_cv_env_host_alias_value=
ac_cv_env_target_alias_set=
ac_cv_env_target_alias_value=
ac_cv_func_clock_gettime=no
ac_cv_func_freeifaddrs=yes
ac_cv_func_getifaddrs=yes
ac_cv_func_gettimeofday=yes
ac_cv_func_memset=yes
ac_cv_func_perror=yes
ac_cv_func_socket=yes
ac_cv_header_alloca_h=yes
ac_cv_header_arpa_inet_h=yes
ac_cv_header_dlfcn_h=yes
ac_cv_header_errno_h=yes
ac_cv_header_ifaddrs_h=yes
ac_cv_header_inttypes_h=yes
ac_cv_header_limits_h=yes
ac_cv_header_memory_h=yes
ac_cv_header_netinet_in_h=yes
ac_cv_header_netinet_tcp_h=yes
ac_cv_header_stdbool_h=yes
ac_cv_header_stdc=yes
ac_cv_header_stddef_h=yes
ac_cv_header_stdint_h=yes
ac_cv_header_stdlib_h=yes
ac_cv_header_string_h=yes
ac_cv_header_strings_h=yes
ac_cv_header_sys_eventfd_h=no
ac_cv_header_sys_socket_h=yes
ac_cv_header_sys_stat_h=yes
ac_cv_header_sys_time_h=yes
ac_cv_header_sys_types_h=yes
ac_cv_header_sys_uio_h=yes
ac_cv_header_time=yes
ac_cv_header_time_h=yes
ac_cv_header_unistd_h=yes
ac_cv_host=x86_64-apple-darwin11.4.0
ac_cv_lib_pthread_pthread_create=yes
ac_cv_lib_rt_clock_gettime=no
ac_cv_objext=o
ac_cv_path_EGREP='/usr/bin/grep -E'
ac_cv_path_FGREP='/usr/bin/grep -F'
ac_cv_path_GREP=/usr/bin/grep
ac_cv_path_SED=/usr/bin/sed
ac_cv_path_install='/usr/bin/install -c'
ac_cv_prog_AWK=awk
ac_cv_prog_CPP='gcc -std=gnu99 -E'
ac_cv_prog_CXXCPP='g++ -E'
ac_cv_prog_ac_ct_AR=ar
ac_cv_prog_ac_ct_CC=gcc
ac_cv_prog_ac_ct_CXX=g++
ac_cv_prog_ac_ct_DLLTOOL=dlltool
ac_cv_prog_ac_ct_DSYMUTIL=dsymutil
ac_cv_prog_ac_ct_LIPO=lipo
ac_cv_prog_ac_ct_NMEDIT=nmedit
ac_cv_prog_ac_ct_OBJDUMP=objdump
ac_cv_prog_ac_ct_OTOOL=otool
ac_cv_prog_ac_ct_RANLIB=ranlib
ac_cv_prog_ac_ct_STRIP=strip
ac_cv_prog_cc_c89=
ac_cv_prog_cc_c99=-std=gnu99
ac_cv_prog_cc_g=yes
ac_cv_prog_cc_gcc_c_o=yes
ac_cv_prog_cxx_g=yes
ac_cv_prog_libzmq_have_asciidoc=no
ac_cv_prog_libzmq_have_xmlto=no
ac_cv_prog_make_make_set=yes
ac_cv_type__Bool=no
ac_cv_type_signal=void
ac_cv_type_size_t=yes
ac_cv_type_ssize_t=yes
am_cv_CC_dependencies_compiler_type=gcc3
am_cv_CXX_dependencies_compiler_type=gcc3
am_cv_prog_tar_ustar=gnutar
libzmq_cv_c_clang_compiler=no
libzmq_cv_c_compiler_works=yes
libzmq_cv_c_gcc4_compiler=yes
libzmq_cv_c_intel_compiler=no
libzmq_cv_c_sun_studio_compiler=no
libzmq_cv_check_lang_flag_save_CPPFLAGS='-Wno-uninitialized -D_DARWIN_C_SOURCE -D_REENTRANT -D_THREAD_SAFE '
libzmq_cv_cxx_clang_compiler=no
libzmq_cv_cxx_compiler_works=yes
libzmq_cv_cxx_gcc4_compiler=yes
libzmq_cv_cxx_intel_compiler=no
libzmq_cv_cxx_sun_studio_compiler=no
libzmq_cv_cxx_supports_flag__Wno_uninitialized=yes
libzmq_cv_cxx_supports_flag__fvisibility_hidden=yes
libzmq_cv_cxx_visibility_flag=-fvisibility=hidden
libzmq_cv_cxx_wall_flag=-Wall
libzmq_cv_cxx_werror_flag_save=
libzmq_cv_have_poller_kqueue=yes
libzmq_cv_poller=kqueue
libzmq_cv_poller_flag=ZMQ_FORCE_KQUEUE
libzmq_cv_so_keepalive=yes
libzmq_cv_sock_cloexec=no
libzmq_cv_tcp_keepalive=yes
libzmq_cv_tcp_keepcnt=no
libzmq_cv_tcp_keepidle=no
libzmq_cv_tcp_keepintvl=no
lt_cv_apple_cc_single_mod=yes
lt_cv_ar_at_file=no
lt_cv_deplibs_check_method=pass_all
lt_cv_file_magic_cmd='$MAGIC_CMD'
lt_cv_file_magic_test_file=
lt_cv_ld_exported_symbols_list=yes
lt_cv_ld_force_load=yes
lt_cv_ld_reload_flag=-r
lt_cv_nm_interface='BSD nm'
lt_cv_objdir=.libs
lt_cv_path_LD=/usr/llvm-gcc-4.2/libexec/gcc/i686-apple-darwin11/4.2.1/ld
lt_cv_path_LDCXX=/usr/llvm-gcc-4.2/libexec/gcc/i686-apple-darwin11/4.2.1/ld
lt_cv_path_NM=/usr/bin/nm
lt_cv_path_mainfest_tool=no
lt_cv_prog_compiler_c_o=yes
lt_cv_prog_compiler_c_o_CXX=yes
lt_cv_prog_compiler_pic='-fno-common -DPIC'
lt_cv_prog_compiler_pic_CXX='-fno-common -DPIC'
lt_cv_prog_compiler_pic_works=yes
lt_cv_prog_compiler_pic_works_CXX=yes
lt_cv_prog_compiler_rtti_exceptions=no
lt_cv_prog_compiler_static_works=no
lt_cv_prog_compiler_static_works_CXX=no
lt_cv_prog_gnu_ld=no
lt_cv_prog_gnu_ldcxx=no
lt_cv_sharedlib_from_linklib_cmd='printf %s\n'
lt_cv_sys_global_symbol_pipe='sed -n -e '\''s/^.*[	 ]\([BCDEGRST][BCDEGRST]*\)[	 ][	 ]*_\([_A-Za-z][_A-Za-z0-9]*\)$/\1 _\2 \2/p'\'' | sed '\''/ __gnu_lto/d'\'''
lt_cv_sys_global_symbol_to_c_name_address='sed -n -e '\''s/^: \([^ ]*\)[ ]*$/  {\"\1\", (void *) 0},/p'\'' -e '\''s/^[BCDEGRST]* \([^ ]*\) \([^ ]*\)$/  {"\2", (void *) \&\2},/p'\'''
lt_cv_sys_global_symbol_to_c_name_address_lib_prefix='sed -n -e '\''s/^: \([^ ]*\)[ ]*$/  {\"\1\", (void *) 0},/p'\'' -e '\''s/^[BCDEGRST]* \([^ ]*\) \(lib[^ ]*\)$/  {"\2", (void *) \&\2},/p'\'' -e '\''s/^[BCDEGRST]* \([^ ]*\) \([^ ]*\)$/  {"lib\2", (void *) \&\2},/p'\'''
lt_cv_sys_global_symbol_to_cdecl='sed -n -e '\''s/^T .* \(.*\)$/extern int \1();/p'\'' -e '\''s/^[BCDEGRST]* .* \(.*\)$/extern char \1;/p'\'''
lt_cv_sys_max_cmd_len=196608
lt_cv_to_host_file_cmd=func_convert_file_noop
lt_cv_to_tool_file_cmd=func_convert_file_noop

## ----------------- ##
## Output variables. ##
## ----------------- ##

ACLOCAL='${SHELL} /Users/mac/Desktop/rubymotion/zeromq-3.2.0/config/missing --run aclocal-1.11'
AMDEPBACKSLASH='\'
AMDEP_FALSE='#'
AMDEP_TRUE=''
AMTAR='${SHELL} /Users/mac/Desktop/rubymotion/zeromq-3.2.0/config/missing --run tar'
AM_BACKSLASH='\'
AM_DEFAULT_VERBOSITY='0'
AR='ar'
AS='as'
ASCIIDOC=''
AUTOCONF='${SHELL} /Users/mac/Desktop/rubymotion/zeromq-3.2.0/config/missing --run autoconf'
AUTOHEADER='${SHELL} /Users/mac/Desktop/rubymotion/zeromq-3.2.0/config/missing --run autoheader'
AUTOMAKE='${SHELL} /Users/mac/Desktop/rubymotion/zeromq-3.2.0/config/missing --run automake-1.11'
AWK='awk'
BUILD_DOC_FALSE=''
BUILD_DOC_TRUE='#'
BUILD_PGM_FALSE=''
BUILD_PGM_TRUE='#'
CC='gcc -std=gnu99'
CCDEPMODE='depmode=gcc3'
CFLAGS='-g -O2'
CPP='gcc -std=gnu99 -E'
CPPFLAGS='-Wall -Wno-uninitialized -D_DARWIN_C_SOURCE -D_REENTRANT -D_THREAD_SAFE  -DZMQ_FORCE_KQUEUE'
CXX='g++'
CXXCPP='g++ -E'
CXXDEPMODE='depmode=gcc3'
CXXFLAGS='-g -O2'
CYGPATH_W='echo'
DEFS='-DHAVE_CONFIG_H'
DEPDIR='.deps'
DLLTOOL='dlltool'
DSYMUTIL='dsymutil'
DUMPBIN=''
ECHO_C='\c'
ECHO_N=''
ECHO_T=''
EGREP='/usr/bin/grep -E'
EXEEXT=''
FGREP='/usr/bin/grep -F'
GREP='/usr/bin/grep'
INSTALL_DATA='${INSTALL} -m 644'
INSTALL_MAN_FALSE='#'
INSTALL_MAN_TRUE=''
INSTALL_PROGRAM='${INSTALL}'
INSTALL_SCRIPT='${INSTALL}'
INSTALL_STRIP_PROGRAM='$(install_sh) -c -s'
LD='/usr/llvm-gcc-4.2/libexec/gcc/i686-apple-darwin11/4.2.1/ld'
LDFLAGS=''
LIBOBJS=''
LIBS='-lpthread '
LIBTOOL='$(SHELL) $(top_builddir)/libtool'
LIBZMQ_EXTRA_CFLAGS=''
LIBZMQ_EXTRA_CXXFLAGS='-fvisibility=hidden '
LIBZMQ_EXTRA_LDFLAGS=''
LIPO='lipo'
LN_S='ln -s'
LTLIBOBJS=''
LTVER='3:0:0'
MAKEINFO='${SHELL} /Users/mac/Desktop/rubymotion/zeromq-3.2.0/config/missing --run makeinfo'
MANIFEST_TOOL=':'
MKDIR_P='config/install-sh -c -d'
NM='/usr/bin/nm'
NMEDIT='nmedit'
OBJDUMP='objdump'
OBJEXT='o'
ON_MINGW_FALSE=''
ON_MINGW_TRUE='#'
OTOOL64=':'
OTOOL='otool'
OpenPGM_CFLAGS=''
OpenPGM_LIBS=''
PACKAGE='zeromq'
PACKAGE_BUGREPORT='zeromq-dev@lists.zeromq.org'
PACKAGE_NAME='zeromq'
PACKAGE_STRING='zeromq 3.2.0'
PACKAGE_TARNAME='zeromq'
PACKAGE_URL=''
PACKAGE_VERSION='3.2.0'
PATH_SEPARATOR=':'
PKG_CONFIG=''
PKG_CONFIG_LIBDIR=''
PKG_CONFIG_PATH=''
RANLIB='ranlib'
SED='/usr/bin/sed'
SET_MAKE=''
SHELL='/bin/sh'
STRIP='strip'
VERSION='3.2.0'
XMLTO=''
ac_ct_AR='ar'
ac_ct_CC='gcc'
ac_ct_CXX='g++'
ac_ct_DUMPBIN=''
am__EXEEXT_FALSE=''
am__EXEEXT_TRUE='#'
am__fastdepCC_FALSE='#'
am__fastdepCC_TRUE=''
am__fastdepCXX_FALSE='#'
am__fastdepCXX_TRUE=''
am__include='include'
am__isrc=''
am__leading_dot='.'
am__quote=''
am__tar='tar --format=ustar -chf - "$$tardir"'
am__untar='tar -xf -'
bindir='${exec_prefix}/bin'
build='x86_64-apple-darwin11.4.0'
build_alias=''
build_cpu='x86_64'
build_os='darwin11.4.0'
build_vendor='apple'
datadir='${datarootdir}'
datarootdir='${prefix}/share'
docdir='${datarootdir}/doc/${PACKAGE_TARNAME}'
dvidir='${docdir}'
exec_prefix='${prefix}'
host='x86_64-apple-darwin11.4.0'
host_alias=''
host_cpu='x86_64'
host_os='darwin11.4.0'
host_vendor='apple'
htmldir='${docdir}'
includedir='${prefix}/include'
infodir='${datarootdir}/info'
install_sh='${SHELL} /Users/mac/Desktop/rubymotion/zeromq-3.2.0/config/install-sh'
libdir='${exec_prefix}/lib'
libexecdir='${exec_prefix}/libexec'
libzmq_have_asciidoc='no'
libzmq_have_xmlto='no'
localedir='${datarootdir}/locale'
localstatedir='${prefix}/var'
mandir='${datarootdir}/man'
mkdir_p='$(top_builddir)/config/install-sh -c -d'
oldincludedir='/usr/include'
pdfdir='${docdir}'
pgm_basename='libpgm-5.1.118~dfsg'
pgm_srcdir=''
pgm_subdir=''
prefix='/Users/mac/Desktop/rubymotion/zeromq-3.2.0/build'
program_transform_name='s,x,x,'
psdir='${docdir}'
sbindir='${exec_prefix}/sbin'
sharedstatedir='${prefix}/com'
subdirs=''
sysconfdir='${prefix}/etc'
target_alias=''

## ----------- ##
## confdefs.h. ##
## ----------- ##

/* confdefs.h */
#define PACKAGE_NAME "zeromq"
#define PACKAGE_TARNAME "zeromq"
#define PACKAGE_VERSION "3.2.0"
#define PACKAGE_STRING "zeromq 3.2.0"
#define PACKAGE_BUGREPORT "zeromq-dev@lists.zeromq.org"
#define PACKAGE_URL ""
#define PACKAGE "zeromq"
#define VERSION "3.2.0"
#define STDC_HEADERS 1
#define HAVE_SYS_TYPES_H 1
#define HAVE_SYS_STAT_H 1
#define HAVE_STDLIB_H 1
#define HAVE_STRING_H 1
#define HAVE_MEMORY_H 1
#define HAVE_STRINGS_H 1
#define HAVE_INTTYPES_H 1
#define HAVE_STDINT_H 1
#define HAVE_UNISTD_H 1
#define HAVE_DLFCN_H 1
#define LT_OBJDIR ".libs/"
#define HAVE_LIBPTHREAD 1
#define ZMQ_HAVE_OSX 1
#define STDC_HEADERS 1
#define HAVE_ERRNO_H 1
#define HAVE_ARPA_INET_H 1
#define HAVE_NETINET_TCP_H 1
#define HAVE_NETINET_IN_H 1
#define HAVE_STDDEF_H 1
#define HAVE_STDLIB_H 1
#define HAVE_STRING_H 1
#define HAVE_SYS_SOCKET_H 1
#define HAVE_SYS_TIME_H 1
#define HAVE_TIME_H 1
#define HAVE_UNISTD_H 1
#define HAVE_LIMITS_H 1
#define HAVE_IFADDRS_H 1
#define ZMQ_HAVE_IFADDRS 1
#define HAVE_SYS_UIO_H 1
#define ZMQ_HAVE_UIO 1
#define HAVE_STDBOOL_H 1
#define TIME_WITH_SYS_TIME 1
#define RETSIGTYPE void
#define HAVE_PERROR 1
#define HAVE_GETTIMEOFDAY 1
#define HAVE_MEMSET 1
#define HAVE_SOCKET 1
#define HAVE_GETIFADDRS 1
#define HAVE_FREEIFADDRS 1
#define HAVE_ALLOCA_H 1
#define ZMQ_HAVE_SO_KEEPALIVE 1
#define ZMQ_HAVE_TCP_KEEPALIVE 1

configure: exit 0
